{"D:\\react-training\\AwesomeTSProject\\src\\api\\AxiosConfig.ts": {"path":"D:\\react-training\\AwesomeTSProject\\src\\api\\AxiosConfig.ts","statementMap":{"0":{"start":{"line":4,"column":29},"end":{"line":9,"column":2}},"1":{"start":{"line":12,"column":0},"end":{"line":24,"column":2}},"2":{"start":{"line":15,"column":25},"end":{"line":15,"column":47}},"3":{"start":{"line":16,"column":4},"end":{"line":16,"column":81}},"4":{"start":{"line":18,"column":4},"end":{"line":18,"column":18}},"5":{"start":{"line":22,"column":4},"end":{"line":22,"column":33}},"6":{"start":{"line":27,"column":0},"end":{"line":38,"column":2}},"7":{"start":{"line":31,"column":4},"end":{"line":31,"column":20}},"8":{"start":{"line":36,"column":4},"end":{"line":36,"column":33}}},"fnMap":{"0":{"name":"(anonymous_0)","decl":{"start":{"line":13,"column":2},"end":{"line":13,"column":3}},"loc":{"start":{"line":13,"column":46},"end":{"line":19,"column":3}},"line":13},"1":{"name":"(anonymous_1)","decl":{"start":{"line":20,"column":2},"end":{"line":20,"column":3}},"loc":{"start":{"line":20,"column":19},"end":{"line":23,"column":3}},"line":20},"2":{"name":"(anonymous_2)","decl":{"start":{"line":28,"column":2},"end":{"line":28,"column":3}},"loc":{"start":{"line":28,"column":37},"end":{"line":32,"column":3}},"line":28},"3":{"name":"(anonymous_3)","decl":{"start":{"line":33,"column":2},"end":{"line":33,"column":3}},"loc":{"start":{"line":33,"column":19},"end":{"line":37,"column":3}},"line":33}},"branchMap":{"0":{"loc":{"start":{"line":16,"column":36},"end":{"line":16,"column":80}},"type":"cond-expr","locations":[{"start":{"line":16,"column":51},"end":{"line":16,"column":75}},{"start":{"line":16,"column":78},"end":{"line":16,"column":80}}],"line":16}},"s":{"0":4,"1":4,"2":0,"3":0,"4":0,"5":0,"6":4,"7":0,"8":0},"f":{"0":0,"1":0,"2":0,"3":0},"b":{"0":[0,0]},"_coverageSchema":"1a1c01bbd47fc00a2c39e90264f33305004495a9","hash":"55ba90b00162cad8444cdbf6b2cceb833f33d46b"}
,"D:\\react-training\\AwesomeTSProject\\src\\api\\authApi.ts": {"path":"D:\\react-training\\AwesomeTSProject\\src\\api\\authApi.ts","statementMap":{"0":{"start":{"line":3,"column":23},"end":{"line":12,"column":1}},"1":{"start":{"line":5,"column":4},"end":{"line":10,"column":7}}},"fnMap":{"0":{"name":"(anonymous_0)","decl":{"start":{"line":4,"column":2},"end":{"line":4,"column":3}},"loc":{"start":{"line":4,"column":76},"end":{"line":11,"column":3}},"line":4}},"branchMap":{},"s":{"0":4,"1":1},"f":{"0":1},"b":{},"_coverageSchema":"1a1c01bbd47fc00a2c39e90264f33305004495a9","hash":"19c23022ac85a180052c911208e8edc32185ea26"}
,"D:\\react-training\\AwesomeTSProject\\src\\api\\index.ts": {"path":"D:\\react-training\\AwesomeTSProject\\src\\api\\index.ts","statementMap":{},"fnMap":{},"branchMap":{},"s":{},"f":{},"b":{},"_coverageSchema":"1a1c01bbd47fc00a2c39e90264f33305004495a9","hash":"98998b4f3f554164f83eb2010434cbdf639d3431"}
,"D:\\react-training\\AwesomeTSProject\\src\\api\\postApi.ts": {"path":"D:\\react-training\\AwesomeTSProject\\src\\api\\postApi.ts","statementMap":{"0":{"start":{"line":4,"column":15},"end":{"line":4,"column":41}},"1":{"start":{"line":5,"column":15},"end":{"line":7,"column":1}},"2":{"start":{"line":9,"column":23},"end":{"line":52,"column":1}},"3":{"start":{"line":11,"column":4},"end":{"line":11,"column":50}},"4":{"start":{"line":14,"column":4},"end":{"line":14,"column":50}},"5":{"start":{"line":17,"column":4},"end":{"line":17,"column":53}},"6":{"start":{"line":20,"column":4},"end":{"line":20,"column":49}},"7":{"start":{"line":23,"column":4},"end":{"line":23,"column":60}},"8":{"start":{"line":26,"column":4},"end":{"line":26,"column":55}},"9":{"start":{"line":29,"column":4},"end":{"line":32,"column":7}},"10":{"start":{"line":35,"column":4},"end":{"line":35,"column":55}},"11":{"start":{"line":38,"column":4},"end":{"line":42,"column":7}},"12":{"start":{"line":45,"column":4},"end":{"line":47,"column":7}},"13":{"start":{"line":50,"column":4},"end":{"line":50,"column":61}}},"fnMap":{"0":{"name":"(anonymous_0)","decl":{"start":{"line":10,"column":2},"end":{"line":10,"column":3}},"loc":{"start":{"line":10,"column":22},"end":{"line":12,"column":3}},"line":10},"1":{"name":"(anonymous_1)","decl":{"start":{"line":13,"column":2},"end":{"line":13,"column":3}},"loc":{"start":{"line":13,"column":22},"end":{"line":15,"column":3}},"line":13},"2":{"name":"(anonymous_2)","decl":{"start":{"line":16,"column":2},"end":{"line":16,"column":3}},"loc":{"start":{"line":16,"column":25},"end":{"line":18,"column":3}},"line":16},"3":{"name":"(anonymous_3)","decl":{"start":{"line":19,"column":2},"end":{"line":19,"column":3}},"loc":{"start":{"line":19,"column":29},"end":{"line":21,"column":3}},"line":19},"4":{"name":"(anonymous_4)","decl":{"start":{"line":22,"column":2},"end":{"line":22,"column":3}},"loc":{"start":{"line":22,"column":69},"end":{"line":24,"column":3}},"line":22},"5":{"name":"(anonymous_5)","decl":{"start":{"line":25,"column":2},"end":{"line":25,"column":3}},"loc":{"start":{"line":25,"column":36},"end":{"line":27,"column":3}},"line":25},"6":{"name":"(anonymous_6)","decl":{"start":{"line":28,"column":2},"end":{"line":28,"column":3}},"loc":{"start":{"line":28,"column":53},"end":{"line":33,"column":3}},"line":28},"7":{"name":"(anonymous_7)","decl":{"start":{"line":34,"column":2},"end":{"line":34,"column":3}},"loc":{"start":{"line":34,"column":36},"end":{"line":36,"column":3}},"line":34},"8":{"name":"(anonymous_8)","decl":{"start":{"line":37,"column":2},"end":{"line":37,"column":3}},"loc":{"start":{"line":37,"column":72},"end":{"line":43,"column":3}},"line":37},"9":{"name":"(anonymous_9)","decl":{"start":{"line":44,"column":2},"end":{"line":44,"column":3}},"loc":{"start":{"line":44,"column":60},"end":{"line":48,"column":3}},"line":44},"10":{"name":"(anonymous_10)","decl":{"start":{"line":49,"column":2},"end":{"line":49,"column":3}},"loc":{"start":{"line":49,"column":42},"end":{"line":51,"column":3}},"line":49}},"branchMap":{},"s":{"0":4,"1":4,"2":4,"3":5,"4":5,"5":5,"6":1,"7":2,"8":1,"9":1,"10":1,"11":1,"12":1,"13":1},"f":{"0":5,"1":5,"2":5,"3":1,"4":2,"5":1,"6":1,"7":1,"8":1,"9":1,"10":1},"b":{},"_coverageSchema":"1a1c01bbd47fc00a2c39e90264f33305004495a9","hash":"608bdddbfebd10017f6039ddedeccd851c3e68ba"}
,"D:\\react-training\\AwesomeTSProject\\src\\assets\\images\\default-avatar.jpg": {"path":"D:\\react-training\\AwesomeTSProject\\src\\assets\\images\\default-avatar.jpg","statementMap":{"0":{"start":{"line":1,"column":0},"end":{"line":4,"column":6}}},"fnMap":{},"branchMap":{},"s":{"0":4},"f":{},"b":{},"inputSourceMap":null,"_coverageSchema":"1a1c01bbd47fc00a2c39e90264f33305004495a9","hash":"0535a6a4f615a2f75082b7450cba9b2390e1af1f"}
,"D:\\react-training\\AwesomeTSProject\\src\\assets\\images\\default-img.jpg": {"path":"D:\\react-training\\AwesomeTSProject\\src\\assets\\images\\default-img.jpg","statementMap":{"0":{"start":{"line":1,"column":0},"end":{"line":4,"column":6}}},"fnMap":{},"branchMap":{},"s":{"0":4},"f":{},"b":{},"inputSourceMap":null,"_coverageSchema":"1a1c01bbd47fc00a2c39e90264f33305004495a9","hash":"cacfa238ba00f855f08fc40f9b6a4064bf38ffbb"}
,"D:\\react-training\\AwesomeTSProject\\src\\components\\CommentsList\\CommentsListStyles.ts": {"path":"D:\\react-training\\AwesomeTSProject\\src\\components\\CommentsList\\CommentsListStyles.ts","statementMap":{"0":{"start":{"line":4,"column":22},"end":{"line":44,"column":2}}},"fnMap":{},"branchMap":{},"s":{"0":4},"f":{},"b":{},"_coverageSchema":"1a1c01bbd47fc00a2c39e90264f33305004495a9","hash":"62d91c29fce739a2811cc78ae42b39b461555220"}
,"D:\\react-training\\AwesomeTSProject\\src\\components\\CommentsList\\index.tsx": {"path":"D:\\react-training\\AwesomeTSProject\\src\\components\\CommentsList\\index.tsx","statementMap":{"0":{"start":{"line":25,"column":21},"end":{"line":152,"column":1}},"1":{"start":{"line":36,"column":22},"end":{"line":36,"column":73}},"2":{"start":{"line":36,"column":48},"end":{"line":36,"column":72}},"3":{"start":{"line":37,"column":17},"end":{"line":37,"column":32}},"4":{"start":{"line":38,"column":18},"end":{"line":38,"column":47}},"5":{"start":{"line":40,"column":2},"end":{"line":151,"column":4}},"6":{"start":{"line":45,"column":32},"end":{"line":45,"column":68}},"7":{"start":{"line":46,"column":8},"end":{"line":148,"column":10}},"8":{"start":{"line":65,"column":35},"end":{"line":65,"column":49}},"9":{"start":{"line":68,"column":37},"end":{"line":68,"column":69}},"10":{"start":{"line":77,"column":22},"end":{"line":77,"column":37}},"11":{"start":{"line":78,"column":22},"end":{"line":78,"column":59}},"12":{"start":{"line":79,"column":22},"end":{"line":79,"column":53}},"13":{"start":{"line":86,"column":22},"end":{"line":86,"column":37}},"14":{"start":{"line":87,"column":22},"end":{"line":87,"column":47}},"15":{"start":{"line":105,"column":47},"end":{"line":105,"column":74}},"16":{"start":{"line":112,"column":39},"end":{"line":112,"column":59}},"17":{"start":{"line":124,"column":20},"end":{"line":124,"column":56}},"18":{"start":{"line":125,"column":20},"end":{"line":125,"column":39}},"19":{"start":{"line":136,"column":20},"end":{"line":136,"column":39}},"20":{"start":{"line":137,"column":20},"end":{"line":137,"column":51}}},"fnMap":{"0":{"name":"(anonymous_0)","decl":{"start":{"line":25,"column":21},"end":{"line":25,"column":22}},"loc":{"start":{"line":35,"column":13},"end":{"line":152,"column":1}},"line":35},"1":{"name":"(anonymous_1)","decl":{"start":{"line":36,"column":37},"end":{"line":36,"column":38}},"loc":{"start":{"line":36,"column":48},"end":{"line":36,"column":72}},"line":36},"2":{"name":"(anonymous_2)","decl":{"start":{"line":44,"column":18},"end":{"line":44,"column":19}},"loc":{"start":{"line":44,"column":32},"end":{"line":149,"column":7}},"line":44},"3":{"name":"(anonymous_3)","decl":{"start":{"line":65,"column":29},"end":{"line":65,"column":30}},"loc":{"start":{"line":65,"column":35},"end":{"line":65,"column":49}},"line":65},"4":{"name":"(anonymous_4)","decl":{"start":{"line":68,"column":31},"end":{"line":68,"column":32}},"loc":{"start":{"line":68,"column":37},"end":{"line":68,"column":69}},"line":68},"5":{"name":"(anonymous_5)","decl":{"start":{"line":76,"column":29},"end":{"line":76,"column":30}},"loc":{"start":{"line":76,"column":35},"end":{"line":80,"column":21}},"line":76},"6":{"name":"(anonymous_6)","decl":{"start":{"line":85,"column":29},"end":{"line":85,"column":30}},"loc":{"start":{"line":85,"column":35},"end":{"line":88,"column":21}},"line":85},"7":{"name":"(anonymous_7)","decl":{"start":{"line":105,"column":32},"end":{"line":105,"column":33}},"loc":{"start":{"line":105,"column":47},"end":{"line":105,"column":74}},"line":105},"8":{"name":"(anonymous_8)","decl":{"start":{"line":112,"column":33},"end":{"line":112,"column":34}},"loc":{"start":{"line":112,"column":39},"end":{"line":112,"column":59}},"line":112},"9":{"name":"(anonymous_9)","decl":{"start":{"line":123,"column":27},"end":{"line":123,"column":28}},"loc":{"start":{"line":123,"column":33},"end":{"line":126,"column":19}},"line":123},"10":{"name":"(anonymous_10)","decl":{"start":{"line":135,"column":27},"end":{"line":135,"column":28}},"loc":{"start":{"line":135,"column":33},"end":{"line":138,"column":19}},"line":135}},"branchMap":{"0":{"loc":{"start":{"line":45,"column":32},"end":{"line":45,"column":68}},"type":"binary-expr","locations":[{"start":{"line":45,"column":32},"end":{"line":45,"column":57}},{"start":{"line":45,"column":61},"end":{"line":45,"column":68}}],"line":45},"1":{"loc":{"start":{"line":59,"column":35},"end":{"line":59,"column":54}},"type":"binary-expr","locations":[{"start":{"line":59,"column":35},"end":{"line":59,"column":49}},{"start":{"line":59,"column":53},"end":{"line":59,"column":54}}],"line":59},"2":{"loc":{"start":{"line":62,"column":15},"end":{"line":93,"column":15}},"type":"binary-expr","locations":[{"start":{"line":62,"column":15},"end":{"line":62,"column":30}},{"start":{"line":63,"column":16},"end":{"line":92,"column":23}}],"line":62},"3":{"loc":{"start":{"line":95,"column":13},"end":{"line":146,"column":13}},"type":"cond-expr","locations":[{"start":{"line":96,"column":14},"end":{"line":143,"column":21}},{"start":{"line":145,"column":14},"end":{"line":145,"column":41}}],"line":95},"4":{"loc":{"start":{"line":108,"column":20},"end":{"line":115,"column":33}},"type":"cond-expr","locations":[{"start":{"line":109,"column":22},"end":{"line":114,"column":24}},{"start":{"line":115,"column":24},"end":{"line":115,"column":33}}],"line":108}},"s":{"0":4,"1":9,"2":1,"3":9,"4":9,"5":9,"6":18,"7":18,"8":0,"9":1,"10":0,"11":0,"12":0,"13":0,"14":0,"15":1,"16":1,"17":1,"18":1,"19":1,"20":1},"f":{"0":9,"1":1,"2":18,"3":0,"4":1,"5":0,"6":0,"7":1,"8":1,"9":1,"10":1},"b":{"0":[18,9],"1":[18,9],"2":[18,18],"3":[5,13],"4":[5,0]},"_coverageSchema":"1a1c01bbd47fc00a2c39e90264f33305004495a9","hash":"7c762c11f063f8c80283d869d102d2fb80a04c5b"}
,"D:\\react-training\\AwesomeTSProject\\src\\components\\PostCard\\PostCardStyles.ts": {"path":"D:\\react-training\\AwesomeTSProject\\src\\components\\PostCard\\PostCardStyles.ts","statementMap":{"0":{"start":{"line":6,"column":22},"end":{"line":119,"column":2}}},"fnMap":{},"branchMap":{},"s":{"0":3},"f":{},"b":{},"_coverageSchema":"1a1c01bbd47fc00a2c39e90264f33305004495a9","hash":"a6b8c17335cc7a81d5ac66d3db4b1b19549319c1"}
,"D:\\react-training\\AwesomeTSProject\\src\\components\\PostCard\\index.tsx": {"path":"D:\\react-training\\AwesomeTSProject\\src\\components\\PostCard\\index.tsx","statementMap":{"0":{"start":{"line":34,"column":17},"end":{"line":286,"column":1}},"1":{"start":{"line":50,"column":32},"end":{"line":50,"column":44}},"2":{"start":{"line":51,"column":46},"end":{"line":51,"column":61}},"3":{"start":{"line":52,"column":46},"end":{"line":52,"column":61}},"4":{"start":{"line":53,"column":40},"end":{"line":53,"column":52}},"5":{"start":{"line":54,"column":32},"end":{"line":54,"column":44}},"6":{"start":{"line":55,"column":40},"end":{"line":55,"column":52}},"7":{"start":{"line":56,"column":22},"end":{"line":56,"column":73}},"8":{"start":{"line":56,"column":48},"end":{"line":56,"column":72}},"9":{"start":{"line":57,"column":17},"end":{"line":57,"column":32}},"10":{"start":{"line":58,"column":18},"end":{"line":58,"column":47}},"11":{"start":{"line":59,"column":19},"end":{"line":59,"column":55}},"12":{"start":{"line":60,"column":20},"end":{"line":60,"column":73}},"13":{"start":{"line":60,"column":47},"end":{"line":60,"column":72}},"14":{"start":{"line":61,"column":24},"end":{"line":61,"column":42}},"15":{"start":{"line":62,"column":27},"end":{"line":62,"column":48}},"16":{"start":{"line":63,"column":19},"end":{"line":63,"column":56}},"17":{"start":{"line":64,"column":24},"end":{"line":64,"column":72}},"18":{"start":{"line":65,"column":25},"end":{"line":65,"column":64}},"19":{"start":{"line":66,"column":17},"end":{"line":66,"column":23}},"20":{"start":{"line":67,"column":20},"end":{"line":67,"column":29}},"21":{"start":{"line":69,"column":2},"end":{"line":73,"column":3}},"22":{"start":{"line":70,"column":4},"end":{"line":70,"column":24}},"23":{"start":{"line":71,"column":9},"end":{"line":73,"column":3}},"24":{"start":{"line":72,"column":4},"end":{"line":72,"column":40}},"25":{"start":{"line":75,"column":2},"end":{"line":79,"column":3}},"26":{"start":{"line":76,"column":4},"end":{"line":76,"column":30}},"27":{"start":{"line":77,"column":9},"end":{"line":79,"column":3}},"28":{"start":{"line":78,"column":4},"end":{"line":78,"column":49}},"29":{"start":{"line":81,"column":2},"end":{"line":285,"column":4}},"30":{"start":{"line":83,"column":58},"end":{"line":83,"column":82}},"31":{"start":{"line":86,"column":64},"end":{"line":86,"column":73}},"32":{"start":{"line":104,"column":29},"end":{"line":104,"column":43}},"33":{"start":{"line":106,"column":47},"end":{"line":106,"column":76}},"34":{"start":{"line":113,"column":16},"end":{"line":113,"column":31}},"35":{"start":{"line":114,"column":16},"end":{"line":114,"column":29}},"36":{"start":{"line":121,"column":16},"end":{"line":121,"column":31}},"37":{"start":{"line":122,"column":16},"end":{"line":122,"column":39}},"38":{"start":{"line":170,"column":23},"end":{"line":170,"column":57}},"39":{"start":{"line":183,"column":31},"end":{"line":183,"column":58}},"40":{"start":{"line":191,"column":31},"end":{"line":191,"column":57}},"41":{"start":{"line":210,"column":30},"end":{"line":210,"column":95}},"42":{"start":{"line":225,"column":16},"end":{"line":225,"column":40}},"43":{"start":{"line":256,"column":43},"end":{"line":256,"column":64}},"44":{"start":{"line":263,"column":35},"end":{"line":263,"column":49}},"45":{"start":{"line":274,"column":16},"end":{"line":274,"column":55}},"46":{"start":{"line":275,"column":16},"end":{"line":275,"column":31}}},"fnMap":{"0":{"name":"(anonymous_0)","decl":{"start":{"line":34,"column":17},"end":{"line":34,"column":18}},"loc":{"start":{"line":49,"column":21},"end":{"line":286,"column":1}},"line":49},"1":{"name":"(anonymous_1)","decl":{"start":{"line":42,"column":15},"end":{"line":42,"column":16}},"loc":{"start":{"line":42,"column":21},"end":{"line":42,"column":23}},"line":42},"2":{"name":"(anonymous_2)","decl":{"start":{"line":43,"column":17},"end":{"line":43,"column":18}},"loc":{"start":{"line":43,"column":23},"end":{"line":43,"column":25}},"line":43},"3":{"name":"(anonymous_3)","decl":{"start":{"line":44,"column":20},"end":{"line":44,"column":21}},"loc":{"start":{"line":44,"column":26},"end":{"line":44,"column":28}},"line":44},"4":{"name":"(anonymous_4)","decl":{"start":{"line":45,"column":20},"end":{"line":45,"column":21}},"loc":{"start":{"line":45,"column":26},"end":{"line":45,"column":28}},"line":45},"5":{"name":"(anonymous_5)","decl":{"start":{"line":46,"column":18},"end":{"line":46,"column":19}},"loc":{"start":{"line":46,"column":24},"end":{"line":46,"column":26}},"line":46},"6":{"name":"(anonymous_6)","decl":{"start":{"line":47,"column":18},"end":{"line":47,"column":19}},"loc":{"start":{"line":47,"column":24},"end":{"line":47,"column":26}},"line":47},"7":{"name":"(anonymous_7)","decl":{"start":{"line":48,"column":17},"end":{"line":48,"column":18}},"loc":{"start":{"line":48,"column":23},"end":{"line":48,"column":25}},"line":48},"8":{"name":"(anonymous_8)","decl":{"start":{"line":56,"column":37},"end":{"line":56,"column":38}},"loc":{"start":{"line":56,"column":48},"end":{"line":56,"column":72}},"line":56},"9":{"name":"(anonymous_9)","decl":{"start":{"line":60,"column":37},"end":{"line":60,"column":38}},"loc":{"start":{"line":60,"column":47},"end":{"line":60,"column":72}},"line":60},"10":{"name":"(anonymous_10)","decl":{"start":{"line":83,"column":52},"end":{"line":83,"column":53}},"loc":{"start":{"line":83,"column":58},"end":{"line":83,"column":82}},"line":83},"11":{"name":"(anonymous_11)","decl":{"start":{"line":86,"column":36},"end":{"line":86,"column":37}},"loc":{"start":{"line":86,"column":64},"end":{"line":86,"column":73}},"line":86},"12":{"name":"(anonymous_12)","decl":{"start":{"line":104,"column":23},"end":{"line":104,"column":24}},"loc":{"start":{"line":104,"column":29},"end":{"line":104,"column":43}},"line":104},"13":{"name":"(anonymous_13)","decl":{"start":{"line":106,"column":41},"end":{"line":106,"column":42}},"loc":{"start":{"line":106,"column":47},"end":{"line":106,"column":76}},"line":106},"14":{"name":"(anonymous_14)","decl":{"start":{"line":112,"column":23},"end":{"line":112,"column":24}},"loc":{"start":{"line":112,"column":29},"end":{"line":115,"column":15}},"line":112},"15":{"name":"(anonymous_15)","decl":{"start":{"line":120,"column":23},"end":{"line":120,"column":24}},"loc":{"start":{"line":120,"column":29},"end":{"line":123,"column":15}},"line":120},"16":{"name":"(anonymous_16)","decl":{"start":{"line":170,"column":17},"end":{"line":170,"column":18}},"loc":{"start":{"line":170,"column":23},"end":{"line":170,"column":57}},"line":170},"17":{"name":"(anonymous_17)","decl":{"start":{"line":183,"column":25},"end":{"line":183,"column":26}},"loc":{"start":{"line":183,"column":31},"end":{"line":183,"column":58}},"line":183},"18":{"name":"(anonymous_18)","decl":{"start":{"line":191,"column":25},"end":{"line":191,"column":26}},"loc":{"start":{"line":191,"column":31},"end":{"line":191,"column":57}},"line":191},"19":{"name":"(anonymous_19)","decl":{"start":{"line":210,"column":23},"end":{"line":210,"column":24}},"loc":{"start":{"line":210,"column":30},"end":{"line":210,"column":95}},"line":210},"20":{"name":"(anonymous_20)","decl":{"start":{"line":224,"column":23},"end":{"line":224,"column":24}},"loc":{"start":{"line":224,"column":29},"end":{"line":226,"column":15}},"line":224},"21":{"name":"(anonymous_21)","decl":{"start":{"line":256,"column":28},"end":{"line":256,"column":29}},"loc":{"start":{"line":256,"column":43},"end":{"line":256,"column":64}},"line":256},"22":{"name":"(anonymous_22)","decl":{"start":{"line":263,"column":29},"end":{"line":263,"column":30}},"loc":{"start":{"line":263,"column":35},"end":{"line":263,"column":49}},"line":263},"23":{"name":"(anonymous_23)","decl":{"start":{"line":273,"column":23},"end":{"line":273,"column":24}},"loc":{"start":{"line":273,"column":29},"end":{"line":276,"column":15}},"line":273}},"branchMap":{"0":{"loc":{"start":{"line":36,"column":2},"end":{"line":36,"column":18}},"type":"default-arg","locations":[{"start":{"line":36,"column":13},"end":{"line":36,"column":18}}],"line":36},"1":{"loc":{"start":{"line":37,"column":2},"end":{"line":37,"column":18}},"type":"default-arg","locations":[{"start":{"line":37,"column":16},"end":{"line":37,"column":18}}],"line":37},"2":{"loc":{"start":{"line":38,"column":2},"end":{"line":38,"column":21}},"type":"default-arg","locations":[{"start":{"line":38,"column":19},"end":{"line":38,"column":21}}],"line":38},"3":{"loc":{"start":{"line":42,"column":2},"end":{"line":42,"column":23}},"type":"default-arg","locations":[{"start":{"line":42,"column":15},"end":{"line":42,"column":23}}],"line":42},"4":{"loc":{"start":{"line":43,"column":2},"end":{"line":43,"column":25}},"type":"default-arg","locations":[{"start":{"line":43,"column":17},"end":{"line":43,"column":25}}],"line":43},"5":{"loc":{"start":{"line":44,"column":2},"end":{"line":44,"column":28}},"type":"default-arg","locations":[{"start":{"line":44,"column":20},"end":{"line":44,"column":28}}],"line":44},"6":{"loc":{"start":{"line":45,"column":2},"end":{"line":45,"column":28}},"type":"default-arg","locations":[{"start":{"line":45,"column":20},"end":{"line":45,"column":28}}],"line":45},"7":{"loc":{"start":{"line":46,"column":2},"end":{"line":46,"column":26}},"type":"default-arg","locations":[{"start":{"line":46,"column":18},"end":{"line":46,"column":26}}],"line":46},"8":{"loc":{"start":{"line":47,"column":2},"end":{"line":47,"column":26}},"type":"default-arg","locations":[{"start":{"line":47,"column":18},"end":{"line":47,"column":26}}],"line":47},"9":{"loc":{"start":{"line":48,"column":2},"end":{"line":48,"column":25}},"type":"default-arg","locations":[{"start":{"line":48,"column":17},"end":{"line":48,"column":25}}],"line":48},"10":{"loc":{"start":{"line":59,"column":19},"end":{"line":59,"column":55}},"type":"binary-expr","locations":[{"start":{"line":59,"column":19},"end":{"line":59,"column":44}},{"start":{"line":59,"column":48},"end":{"line":59,"column":55}}],"line":59},"11":{"loc":{"start":{"line":63,"column":19},"end":{"line":63,"column":56}},"type":"cond-expr","locations":[{"start":{"line":63,"column":31},"end":{"line":63,"column":38}},{"start":{"line":63,"column":41},"end":{"line":63,"column":56}}],"line":63},"12":{"loc":{"start":{"line":64,"column":24},"end":{"line":64,"column":72}},"type":"cond-expr","locations":[{"start":{"line":64,"column":36},"end":{"line":64,"column":52}},{"start":{"line":64,"column":55},"end":{"line":64,"column":72}}],"line":64},"13":{"loc":{"start":{"line":65,"column":25},"end":{"line":65,"column":64}},"type":"cond-expr","locations":[{"start":{"line":65,"column":37},"end":{"line":65,"column":48}},{"start":{"line":65,"column":51},"end":{"line":65,"column":64}}],"line":65},"14":{"loc":{"start":{"line":69,"column":2},"end":{"line":73,"column":3}},"type":"if","locations":[{"start":{"line":69,"column":2},"end":{"line":73,"column":3}},{"start":{"line":71,"column":9},"end":{"line":73,"column":3}}],"line":69},"15":{"loc":{"start":{"line":71,"column":9},"end":{"line":73,"column":3}},"type":"if","locations":[{"start":{"line":71,"column":9},"end":{"line":73,"column":3}},{"start":{},"end":{}}],"line":71},"16":{"loc":{"start":{"line":75,"column":2},"end":{"line":79,"column":3}},"type":"if","locations":[{"start":{"line":75,"column":2},"end":{"line":79,"column":3}},{"start":{"line":77,"column":9},"end":{"line":79,"column":3}}],"line":75},"17":{"loc":{"start":{"line":77,"column":9},"end":{"line":79,"column":3}},"type":"if","locations":[{"start":{"line":77,"column":9},"end":{"line":79,"column":3}},{"start":{},"end":{}}],"line":77},"18":{"loc":{"start":{"line":95,"column":57},"end":{"line":95,"column":76}},"type":"binary-expr","locations":[{"start":{"line":95,"column":57},"end":{"line":95,"column":71}},{"start":{"line":95,"column":75},"end":{"line":95,"column":76}}],"line":95},"19":{"loc":{"start":{"line":101,"column":9},"end":{"line":128,"column":9}},"type":"binary-expr","locations":[{"start":{"line":101,"column":9},"end":{"line":101,"column":17}},{"start":{"line":102,"column":10},"end":{"line":127,"column":17}}],"line":101},"20":{"loc":{"start":{"line":122,"column":25},"end":{"line":122,"column":37}},"type":"binary-expr","locations":[{"start":{"line":122,"column":25},"end":{"line":122,"column":32}},{"start":{"line":122,"column":36},"end":{"line":122,"column":37}}],"line":122},"21":{"loc":{"start":{"line":130,"column":7},"end":{"line":163,"column":7}},"type":"binary-expr","locations":[{"start":{"line":130,"column":7},"end":{"line":130,"column":21}},{"start":{"line":131,"column":8},"end":{"line":162,"column":15}}],"line":130},"22":{"loc":{"start":{"line":160,"column":54},"end":{"line":160,"column":82}},"type":"cond-expr","locations":[{"start":{"line":160,"column":68},"end":{"line":160,"column":74}},{"start":{"line":160,"column":77},"end":{"line":160,"column":82}}],"line":160},"23":{"loc":{"start":{"line":167,"column":14},"end":{"line":167,"column":60}},"type":"cond-expr","locations":[{"start":{"line":167,"column":31},"end":{"line":167,"column":43}},{"start":{"line":167,"column":46},"end":{"line":167,"column":60}}],"line":167},"24":{"loc":{"start":{"line":172,"column":9},"end":{"line":172,"column":51}},"type":"cond-expr","locations":[{"start":{"line":172,"column":26},"end":{"line":172,"column":37}},{"start":{"line":172,"column":40},"end":{"line":172,"column":51}}],"line":172},"25":{"loc":{"start":{"line":174,"column":7},"end":{"line":234,"column":7}},"type":"cond-expr","locations":[{"start":{"line":175,"column":8},"end":{"line":204,"column":9}},{"start":{"line":206,"column":8},"end":{"line":233,"column":11}}],"line":174},"26":{"loc":{"start":{"line":175,"column":8},"end":{"line":204,"column":9}},"type":"cond-expr","locations":[{"start":{"line":176,"column":10},"end":{"line":196,"column":13}},{"start":{"line":198,"column":10},"end":{"line":203,"column":11}}],"line":175},"27":{"loc":{"start":{"line":183,"column":45},"end":{"line":183,"column":57}},"type":"binary-expr","locations":[{"start":{"line":183,"column":45},"end":{"line":183,"column":52}},{"start":{"line":183,"column":56},"end":{"line":183,"column":57}}],"line":183},"28":{"loc":{"start":{"line":191,"column":44},"end":{"line":191,"column":56}},"type":"binary-expr","locations":[{"start":{"line":191,"column":44},"end":{"line":191,"column":51}},{"start":{"line":191,"column":55},"end":{"line":191,"column":56}}],"line":191},"29":{"loc":{"start":{"line":198,"column":10},"end":{"line":203,"column":11}},"type":"binary-expr","locations":[{"start":{"line":198,"column":10},"end":{"line":198,"column":22}},{"start":{"line":199,"column":12},"end":{"line":202,"column":15}}],"line":198},"30":{"loc":{"start":{"line":210,"column":30},"end":{"line":210,"column":95}},"type":"cond-expr","locations":[{"start":{"line":210,"column":42},"end":{"line":210,"column":68}},{"start":{"line":210,"column":71},"end":{"line":210,"column":95}}],"line":210},"31":{"loc":{"start":{"line":210,"column":82},"end":{"line":210,"column":94}},"type":"binary-expr","locations":[{"start":{"line":210,"column":82},"end":{"line":210,"column":89}},{"start":{"line":210,"column":93},"end":{"line":210,"column":94}}],"line":210},"32":{"loc":{"start":{"line":235,"column":7},"end":{"line":283,"column":7}},"type":"binary-expr","locations":[{"start":{"line":235,"column":7},"end":{"line":235,"column":21}},{"start":{"line":236,"column":8},"end":{"line":282,"column":11}}],"line":235},"33":{"loc":{"start":{"line":237,"column":11},"end":{"line":237,"column":73}},"type":"cond-expr","locations":[{"start":{"line":237,"column":30},"end":{"line":237,"column":61}},{"start":{"line":237,"column":64},"end":{"line":237,"column":73}}],"line":237},"34":{"loc":{"start":{"line":259,"column":16},"end":{"line":265,"column":29}},"type":"cond-expr","locations":[{"start":{"line":260,"column":18},"end":{"line":264,"column":20}},{"start":{"line":265,"column":20},"end":{"line":265,"column":29}}],"line":259},"35":{"loc":{"start":{"line":274,"column":32},"end":{"line":274,"column":44}},"type":"binary-expr","locations":[{"start":{"line":274,"column":32},"end":{"line":274,"column":39}},{"start":{"line":274,"column":43},"end":{"line":274,"column":44}}],"line":274}},"s":{"0":3,"1":28,"2":28,"3":28,"4":28,"5":28,"6":28,"7":28,"8":18,"9":28,"10":28,"11":28,"12":28,"13":17,"14":28,"15":28,"16":28,"17":28,"18":28,"19":28,"20":28,"21":28,"22":17,"23":11,"24":0,"25":28,"26":0,"27":28,"28":21,"29":28,"30":3,"31":56,"32":0,"33":2,"34":0,"35":0,"36":0,"37":0,"38":1,"39":1,"40":1,"41":3,"42":2,"43":2,"44":0,"45":2,"46":2},"f":{"0":28,"1":0,"2":0,"3":1,"4":0,"5":0,"6":0,"7":0,"8":18,"9":17,"10":3,"11":56,"12":0,"13":2,"14":0,"15":0,"16":1,"17":1,"18":1,"19":3,"20":2,"21":2,"22":0,"23":2},"b":{"0":[21],"1":[7],"2":[7],"3":[7],"4":[7],"5":[17],"6":[17],"7":[17],"8":[21],"9":[21],"10":[28,0],"11":[17,11],"12":[17,11],"13":[17,11],"14":[17,11],"15":[0,11],"16":[0,28],"17":[21,7],"18":[28,0],"19":[28,28],"20":[0,0],"21":[28,1],"22":[1,0],"23":[1,27],"24":[1,27],"25":[7,21],"26":[6,1],"27":[1,0],"28":[1,0],"29":[1,0],"30":[2,1],"31":[1,0],"32":[28,6],"33":[6,0],"34":[2,4],"35":[2,0]},"_coverageSchema":"1a1c01bbd47fc00a2c39e90264f33305004495a9","hash":"6c8c63980bcdfbb267f10eb282109af492ae26bc"}
,"D:\\react-training\\AwesomeTSProject\\src\\constants\\screens.ts": {"path":"D:\\react-training\\AwesomeTSProject\\src\\constants\\screens.ts","statementMap":{"0":{"start":{"line":1,"column":23},"end":{"line":12,"column":1}}},"fnMap":{},"branchMap":{},"s":{"0":5},"f":{},"b":{},"_coverageSchema":"1a1c01bbd47fc00a2c39e90264f33305004495a9","hash":"50ad9654e433a42fdd1b89f7094e34e6ec27bd05"}
,"D:\\react-training\\AwesomeTSProject\\src\\hooks\\index.ts": {"path":"D:\\react-training\\AwesomeTSProject\\src\\hooks\\index.ts","statementMap":{"0":{"start":{"line":5,"column":30},"end":{"line":5,"column":62}},"1":{"start":{"line":5,"column":36},"end":{"line":5,"column":62}},"2":{"start":{"line":6,"column":63},"end":{"line":6,"column":74}}},"fnMap":{"0":{"name":"(anonymous_0)","decl":{"start":{"line":5,"column":30},"end":{"line":5,"column":31}},"loc":{"start":{"line":5,"column":36},"end":{"line":5,"column":62}},"line":5}},"branchMap":{},"s":{"0":7,"1":0,"2":7},"f":{"0":0},"b":{},"_coverageSchema":"1a1c01bbd47fc00a2c39e90264f33305004495a9","hash":"242eeb4b6a348cc85c5db8149f932a13b3de6476"}
,"D:\\react-training\\AwesomeTSProject\\src\\redux\\sagas\\authSaga.ts": {"path":"D:\\react-training\\AwesomeTSProject\\src\\redux\\sagas\\authSaga.ts","statementMap":{"0":{"start":{"line":10,"column":2},"end":{"line":24,"column":3}},"1":{"start":{"line":11,"column":69},"end":{"line":14,"column":5}},"2":{"start":{"line":16,"column":4},"end":{"line":20,"column":5}},"3":{"start":{"line":17,"column":6},"end":{"line":17,"column":68}},"4":{"start":{"line":18,"column":6},"end":{"line":18,"column":61}},"5":{"start":{"line":19,"column":6},"end":{"line":19,"column":57}},"6":{"start":{"line":22,"column":4},"end":{"line":22,"column":53}},"7":{"start":{"line":23,"column":4},"end":{"line":23,"column":55}},"8":{"start":{"line":28,"column":2},"end":{"line":28,"column":32}},"9":{"start":{"line":32,"column":2},"end":{"line":32,"column":56}},"10":{"start":{"line":34,"column":2},"end":{"line":34,"column":58}},"11":{"start":{"line":38,"column":2},"end":{"line":38,"column":29}}},"fnMap":{"0":{"name":"handleLogin","decl":{"start":{"line":7,"column":17},"end":{"line":7,"column":28}},"loc":{"start":{"line":9,"column":2},"end":{"line":25,"column":1}},"line":9},"1":{"name":"handleLogout","decl":{"start":{"line":27,"column":10},"end":{"line":27,"column":22}},"loc":{"start":{"line":27,"column":25},"end":{"line":29,"column":1}},"line":27},"2":{"name":"watchLoginFlow","decl":{"start":{"line":31,"column":10},"end":{"line":31,"column":24}},"loc":{"start":{"line":31,"column":27},"end":{"line":35,"column":1}},"line":31},"3":{"name":"authSaga","decl":{"start":{"line":37,"column":25},"end":{"line":37,"column":33}},"loc":{"start":{"line":37,"column":36},"end":{"line":39,"column":1}},"line":37}},"branchMap":{"0":{"loc":{"start":{"line":16,"column":4},"end":{"line":20,"column":5}},"type":"if","locations":[{"start":{"line":16,"column":4},"end":{"line":20,"column":5}},{"start":{},"end":{}}],"line":16}},"s":{"0":3,"1":3,"2":1,"3":1,"4":1,"5":1,"6":1,"7":1,"8":1,"9":2,"10":2,"11":2},"f":{"0":3,"1":1,"2":2,"3":2},"b":{"0":[1,0]},"_coverageSchema":"1a1c01bbd47fc00a2c39e90264f33305004495a9","hash":"4cdb85bbe21f6e1e98162811e930183c689e7d20"}
,"D:\\react-training\\AwesomeTSProject\\src\\redux\\sagas\\postSaga.ts": {"path":"D:\\react-training\\AwesomeTSProject\\src\\redux\\sagas\\postSaga.ts","statementMap":{"0":{"start":{"line":8,"column":2},"end":{"line":35,"column":3}},"1":{"start":{"line":9,"column":88},"end":{"line":13,"column":6}},"2":{"start":{"line":14,"column":4},"end":{"line":14,"column":22}},"3":{"start":{"line":15,"column":4},"end":{"line":32,"column":5}},"4":{"start":{"line":16,"column":24},"end":{"line":16,"column":40}},"5":{"start":{"line":17,"column":24},"end":{"line":17,"column":71}},"6":{"start":{"line":17,"column":58},"end":{"line":17,"column":70}},"7":{"start":{"line":18,"column":45},"end":{"line":18,"column":47}},"8":{"start":{"line":20,"column":6},"end":{"line":27,"column":7}},"9":{"start":{"line":21,"column":25},"end":{"line":21,"column":39}},"10":{"start":{"line":22,"column":23},"end":{"line":22,"column":39}},"11":{"start":{"line":24,"column":8},"end":{"line":26,"column":9}},"12":{"start":{"line":25,"column":10},"end":{"line":25,"column":35}},"13":{"start":{"line":29,"column":20},"end":{"line":29,"column":36}},"14":{"start":{"line":30,"column":23},"end":{"line":30,"column":39}},"15":{"start":{"line":31,"column":6},"end":{"line":31,"column":85}},"16":{"start":{"line":34,"column":4},"end":{"line":34,"column":64}},"17":{"start":{"line":41,"column":2},"end":{"line":55,"column":3}},"18":{"start":{"line":42,"column":37},"end":{"line":42,"column":94}},"19":{"start":{"line":43,"column":4},"end":{"line":51,"column":5}},"20":{"start":{"line":44,"column":22},"end":{"line":44,"column":35}},"21":{"start":{"line":45,"column":21},"end":{"line":45,"column":31}},"22":{"start":{"line":47,"column":6},"end":{"line":50,"column":7}},"23":{"start":{"line":48,"column":8},"end":{"line":48,"column":65}},"24":{"start":{"line":49,"column":8},"end":{"line":49,"column":67}},"25":{"start":{"line":53,"column":4},"end":{"line":53,"column":53}},"26":{"start":{"line":54,"column":4},"end":{"line":54,"column":66}},"27":{"start":{"line":65,"column":33},"end":{"line":65,"column":47}},"28":{"start":{"line":67,"column":2},"end":{"line":77,"column":3}},"29":{"start":{"line":68,"column":37},"end":{"line":68,"column":92}},"30":{"start":{"line":70,"column":4},"end":{"line":73,"column":5}},"31":{"start":{"line":71,"column":6},"end":{"line":71,"column":63}},"32":{"start":{"line":72,"column":6},"end":{"line":72,"column":84}},"33":{"start":{"line":75,"column":4},"end":{"line":75,"column":53}},"34":{"start":{"line":76,"column":4},"end":{"line":76,"column":66}},"35":{"start":{"line":81,"column":2},"end":{"line":88,"column":3}},"36":{"start":{"line":82,"column":41},"end":{"line":82,"column":94}},"37":{"start":{"line":83,"column":4},"end":{"line":85,"column":5}},"38":{"start":{"line":84,"column":6},"end":{"line":84,"column":63}},"39":{"start":{"line":87,"column":4},"end":{"line":87,"column":68}},"40":{"start":{"line":94,"column":30},"end":{"line":94,"column":44}},"41":{"start":{"line":96,"column":2},"end":{"line":104,"column":3}},"42":{"start":{"line":97,"column":37},"end":{"line":97,"column":93}},"43":{"start":{"line":99,"column":4},"end":{"line":101,"column":5}},"44":{"start":{"line":100,"column":6},"end":{"line":100,"column":94}},"45":{"start":{"line":103,"column":4},"end":{"line":103,"column":76}},"46":{"start":{"line":108,"column":2},"end":{"line":120,"column":3}},"47":{"start":{"line":109,"column":41},"end":{"line":113,"column":5}},"48":{"start":{"line":115,"column":4},"end":{"line":117,"column":5}},"49":{"start":{"line":116,"column":6},"end":{"line":116,"column":60}},"50":{"start":{"line":119,"column":4},"end":{"line":119,"column":64}},"51":{"start":{"line":124,"column":2},"end":{"line":132,"column":3}},"52":{"start":{"line":125,"column":41},"end":{"line":125,"column":94}},"53":{"start":{"line":127,"column":4},"end":{"line":129,"column":5}},"54":{"start":{"line":128,"column":6},"end":{"line":128,"column":63}},"55":{"start":{"line":131,"column":4},"end":{"line":131,"column":68}},"56":{"start":{"line":142,"column":43},"end":{"line":142,"column":57}},"57":{"start":{"line":143,"column":2},"end":{"line":156,"column":3}},"58":{"start":{"line":144,"column":44},"end":{"line":149,"column":5}},"59":{"start":{"line":151,"column":4},"end":{"line":153,"column":5}},"60":{"start":{"line":152,"column":6},"end":{"line":152,"column":62}},"61":{"start":{"line":155,"column":4},"end":{"line":155,"column":72}},"62":{"start":{"line":162,"column":36},"end":{"line":162,"column":50}},"63":{"start":{"line":163,"column":2},"end":{"line":175,"column":3}},"64":{"start":{"line":164,"column":44},"end":{"line":168,"column":5}},"65":{"start":{"line":170,"column":4},"end":{"line":172,"column":5}},"66":{"start":{"line":171,"column":6},"end":{"line":171,"column":63}},"67":{"start":{"line":174,"column":4},"end":{"line":174,"column":72}},"68":{"start":{"line":179,"column":2},"end":{"line":186,"column":3}},"69":{"start":{"line":180,"column":41},"end":{"line":180,"column":97}},"70":{"start":{"line":181,"column":4},"end":{"line":183,"column":5}},"71":{"start":{"line":182,"column":6},"end":{"line":182,"column":66}},"72":{"start":{"line":185,"column":4},"end":{"line":185,"column":74}},"73":{"start":{"line":190,"column":2},"end":{"line":190,"column":64}},"74":{"start":{"line":192,"column":2},"end":{"line":192,"column":60}},"75":{"start":{"line":194,"column":2},"end":{"line":194,"column":62}},"76":{"start":{"line":196,"column":2},"end":{"line":196,"column":66}},"77":{"start":{"line":198,"column":2},"end":{"line":198,"column":82}},"78":{"start":{"line":200,"column":2},"end":{"line":200,"column":62}},"79":{"start":{"line":202,"column":2},"end":{"line":202,"column":66}},"80":{"start":{"line":204,"column":2},"end":{"line":204,"column":66}},"81":{"start":{"line":206,"column":2},"end":{"line":206,"column":68}},"82":{"start":{"line":208,"column":2},"end":{"line":208,"column":72}},"83":{"start":{"line":212,"column":2},"end":{"line":212,"column":38}}},"fnMap":{"0":{"name":"handleFetchData","decl":{"start":{"line":7,"column":17},"end":{"line":7,"column":32}},"loc":{"start":{"line":7,"column":69},"end":{"line":36,"column":1}},"line":7},"1":{"name":"(anonymous_1)","decl":{"start":{"line":17,"column":48},"end":{"line":17,"column":49}},"loc":{"start":{"line":17,"column":58},"end":{"line":17,"column":70}},"line":17},"2":{"name":"handleAddPost","decl":{"start":{"line":38,"column":17},"end":{"line":38,"column":30}},"loc":{"start":{"line":40,"column":2},"end":{"line":56,"column":1}},"line":40},"3":{"name":"handleEditPost","decl":{"start":{"line":58,"column":17},"end":{"line":58,"column":31}},"loc":{"start":{"line":64,"column":2},"end":{"line":78,"column":1}},"line":64},"4":{"name":"handleDeletePost","decl":{"start":{"line":80,"column":17},"end":{"line":80,"column":33}},"loc":{"start":{"line":80,"column":65},"end":{"line":89,"column":1}},"line":80},"5":{"name":"handleApprovePendingPost","decl":{"start":{"line":91,"column":17},"end":{"line":91,"column":41}},"loc":{"start":{"line":93,"column":2},"end":{"line":105,"column":1}},"line":93},"6":{"name":"handleLikePost","decl":{"start":{"line":107,"column":17},"end":{"line":107,"column":31}},"loc":{"start":{"line":107,"column":94},"end":{"line":121,"column":1}},"line":107},"7":{"name":"handleUnlikePost","decl":{"start":{"line":123,"column":17},"end":{"line":123,"column":33}},"loc":{"start":{"line":123,"column":65},"end":{"line":133,"column":1}},"line":123},"8":{"name":"handleAddComment","decl":{"start":{"line":135,"column":17},"end":{"line":135,"column":33}},"loc":{"start":{"line":141,"column":2},"end":{"line":157,"column":1}},"line":141},"9":{"name":"handleEditComment","decl":{"start":{"line":159,"column":17},"end":{"line":159,"column":34}},"loc":{"start":{"line":161,"column":2},"end":{"line":176,"column":1}},"line":161},"10":{"name":"handleDeleteComment","decl":{"start":{"line":178,"column":17},"end":{"line":178,"column":36}},"loc":{"start":{"line":178,"column":68},"end":{"line":187,"column":1}},"line":178},"11":{"name":"watchPostManagementFlow","decl":{"start":{"line":189,"column":10},"end":{"line":189,"column":33}},"loc":{"start":{"line":189,"column":36},"end":{"line":209,"column":1}},"line":189},"12":{"name":"postSaga","decl":{"start":{"line":211,"column":25},"end":{"line":211,"column":33}},"loc":{"start":{"line":211,"column":36},"end":{"line":213,"column":1}},"line":211}},"branchMap":{"0":{"loc":{"start":{"line":15,"column":4},"end":{"line":32,"column":5}},"type":"if","locations":[{"start":{"line":15,"column":4},"end":{"line":32,"column":5}},{"start":{},"end":{}}],"line":15},"1":{"loc":{"start":{"line":17,"column":58},"end":{"line":17,"column":70}},"type":"binary-expr","locations":[{"start":{"line":17,"column":58},"end":{"line":17,"column":65}},{"start":{"line":17,"column":69},"end":{"line":17,"column":70}}],"line":17},"2":{"loc":{"start":{"line":22,"column":23},"end":{"line":22,"column":39}},"type":"binary-expr","locations":[{"start":{"line":22,"column":23},"end":{"line":22,"column":34}},{"start":{"line":22,"column":38},"end":{"line":22,"column":39}}],"line":22},"3":{"loc":{"start":{"line":24,"column":8},"end":{"line":26,"column":9}},"type":"if","locations":[{"start":{"line":24,"column":8},"end":{"line":26,"column":9}},{"start":{},"end":{}}],"line":24},"4":{"loc":{"start":{"line":24,"column":12},"end":{"line":24,"column":51}},"type":"binary-expr","locations":[{"start":{"line":24,"column":12},"end":{"line":24,"column":18}},{"start":{"line":24,"column":22},"end":{"line":24,"column":51}}],"line":24},"5":{"loc":{"start":{"line":43,"column":4},"end":{"line":51,"column":5}},"type":"if","locations":[{"start":{"line":43,"column":4},"end":{"line":51,"column":5}},{"start":{},"end":{}}],"line":43},"6":{"loc":{"start":{"line":47,"column":6},"end":{"line":50,"column":7}},"type":"if","locations":[{"start":{"line":47,"column":6},"end":{"line":50,"column":7}},{"start":{},"end":{}}],"line":47},"7":{"loc":{"start":{"line":47,"column":10},"end":{"line":47,"column":27}},"type":"binary-expr","locations":[{"start":{"line":47,"column":10},"end":{"line":47,"column":16}},{"start":{"line":47,"column":20},"end":{"line":47,"column":27}}],"line":47},"8":{"loc":{"start":{"line":70,"column":4},"end":{"line":73,"column":5}},"type":"if","locations":[{"start":{"line":70,"column":4},"end":{"line":73,"column":5}},{"start":{},"end":{}}],"line":70},"9":{"loc":{"start":{"line":83,"column":4},"end":{"line":85,"column":5}},"type":"if","locations":[{"start":{"line":83,"column":4},"end":{"line":85,"column":5}},{"start":{},"end":{}}],"line":83},"10":{"loc":{"start":{"line":99,"column":4},"end":{"line":101,"column":5}},"type":"if","locations":[{"start":{"line":99,"column":4},"end":{"line":101,"column":5}},{"start":{},"end":{}}],"line":99},"11":{"loc":{"start":{"line":115,"column":4},"end":{"line":117,"column":5}},"type":"if","locations":[{"start":{"line":115,"column":4},"end":{"line":117,"column":5}},{"start":{},"end":{}}],"line":115},"12":{"loc":{"start":{"line":127,"column":4},"end":{"line":129,"column":5}},"type":"if","locations":[{"start":{"line":127,"column":4},"end":{"line":129,"column":5}},{"start":{},"end":{}}],"line":127},"13":{"loc":{"start":{"line":151,"column":4},"end":{"line":153,"column":5}},"type":"if","locations":[{"start":{"line":151,"column":4},"end":{"line":153,"column":5}},{"start":{},"end":{}}],"line":151},"14":{"loc":{"start":{"line":170,"column":4},"end":{"line":172,"column":5}},"type":"if","locations":[{"start":{"line":170,"column":4},"end":{"line":172,"column":5}},{"start":{},"end":{}}],"line":170},"15":{"loc":{"start":{"line":181,"column":4},"end":{"line":183,"column":5}},"type":"if","locations":[{"start":{"line":181,"column":4},"end":{"line":183,"column":5}},{"start":{},"end":{}}],"line":181}},"s":{"0":3,"1":3,"2":1,"3":1,"4":1,"5":1,"6":1,"7":1,"8":1,"9":1,"10":1,"11":1,"12":1,"13":1,"14":1,"15":1,"16":1,"17":3,"18":3,"19":1,"20":1,"21":1,"22":1,"23":1,"24":1,"25":1,"26":1,"27":3,"28":3,"29":3,"30":1,"31":1,"32":1,"33":1,"34":1,"35":3,"36":3,"37":1,"38":1,"39":1,"40":3,"41":3,"42":3,"43":1,"44":1,"45":1,"46":3,"47":3,"48":1,"49":1,"50":1,"51":3,"52":3,"53":1,"54":1,"55":1,"56":3,"57":3,"58":3,"59":1,"60":1,"61":1,"62":3,"63":3,"64":3,"65":1,"66":1,"67":1,"68":3,"69":3,"70":1,"71":1,"72":1,"73":2,"74":2,"75":2,"76":2,"77":2,"78":2,"79":2,"80":2,"81":2,"82":2,"83":2},"f":{"0":3,"1":1,"2":3,"3":3,"4":3,"5":3,"6":3,"7":3,"8":3,"9":3,"10":3,"11":2,"12":2},"b":{"0":[1,0],"1":[1,0],"2":[1,0],"3":[1,0],"4":[1,1],"5":[1,0],"6":[1,0],"7":[1,1],"8":[1,0],"9":[1,0],"10":[1,0],"11":[1,0],"12":[1,0],"13":[1,0],"14":[1,0],"15":[1,0]},"_coverageSchema":"1a1c01bbd47fc00a2c39e90264f33305004495a9","hash":"fd777f7caa91162f66ebca75d8a67ec9502c1750"}
,"D:\\react-training\\AwesomeTSProject\\src\\redux\\sagas\\rootSaga.ts": {"path":"D:\\react-training\\AwesomeTSProject\\src\\redux\\sagas\\rootSaga.ts","statementMap":{"0":{"start":{"line":6,"column":2},"end":{"line":6,"column":38}}},"fnMap":{"0":{"name":"rootSaga","decl":{"start":{"line":5,"column":25},"end":{"line":5,"column":33}},"loc":{"start":{"line":5,"column":36},"end":{"line":7,"column":1}},"line":5}},"branchMap":{},"s":{"0":2},"f":{"0":2},"b":{},"_coverageSchema":"1a1c01bbd47fc00a2c39e90264f33305004495a9","hash":"7ff641e785d7b2ed4bc73ea1c0836d79d5769e08"}
,"D:\\react-training\\AwesomeTSProject\\src\\redux\\slices\\authSlice.ts": {"path":"D:\\react-training\\AwesomeTSProject\\src\\redux\\slices\\authSlice.ts","statementMap":{"0":{"start":{"line":13,"column":32},"end":{"line":19,"column":1}},"1":{"start":{"line":21,"column":18},"end":{"line":48,"column":2}},"2":{"start":{"line":29,"column":6},"end":{"line":29,"column":27}},"3":{"start":{"line":30,"column":6},"end":{"line":30,"column":30}},"4":{"start":{"line":33,"column":6},"end":{"line":33,"column":28}},"5":{"start":{"line":34,"column":6},"end":{"line":34,"column":30}},"6":{"start":{"line":35,"column":6},"end":{"line":35,"column":47}},"7":{"start":{"line":36,"column":6},"end":{"line":36,"column":55}},"8":{"start":{"line":39,"column":6},"end":{"line":39,"column":28}},"9":{"start":{"line":40,"column":6},"end":{"line":40,"column":43}},"10":{"start":{"line":43,"column":6},"end":{"line":43,"column":31}},"11":{"start":{"line":44,"column":6},"end":{"line":44,"column":38}},"12":{"start":{"line":45,"column":6},"end":{"line":45,"column":29}},"13":{"start":{"line":51,"column":27},"end":{"line":51,"column":44}},"14":{"start":{"line":54,"column":33},"end":{"line":54,"column":77}},"15":{"start":{"line":54,"column":55},"end":{"line":54,"column":77}},"16":{"start":{"line":57,"column":20},"end":{"line":57,"column":37}}},"fnMap":{"0":{"name":"(anonymous_0)","decl":{"start":{"line":25,"column":4},"end":{"line":25,"column":5}},"loc":{"start":{"line":28,"column":6},"end":{"line":31,"column":5}},"line":28},"1":{"name":"(anonymous_1)","decl":{"start":{"line":32,"column":4},"end":{"line":32,"column":5}},"loc":{"start":{"line":32,"column":86},"end":{"line":37,"column":5}},"line":32},"2":{"name":"(anonymous_2)","decl":{"start":{"line":38,"column":4},"end":{"line":38,"column":5}},"loc":{"start":{"line":38,"column":55},"end":{"line":41,"column":5}},"line":38},"3":{"name":"(anonymous_3)","decl":{"start":{"line":42,"column":4},"end":{"line":42,"column":5}},"loc":{"start":{"line":42,"column":18},"end":{"line":46,"column":5}},"line":42},"4":{"name":"(anonymous_4)","decl":{"start":{"line":54,"column":33},"end":{"line":54,"column":34}},"loc":{"start":{"line":54,"column":55},"end":{"line":54,"column":77}},"line":54}},"branchMap":{},"s":{"0":12,"1":12,"2":1,"3":1,"4":1,"5":1,"6":1,"7":1,"8":1,"9":1,"10":1,"11":1,"12":1,"13":12,"14":12,"15":38,"16":12},"f":{"0":1,"1":1,"2":1,"3":1,"4":38},"b":{},"_coverageSchema":"1a1c01bbd47fc00a2c39e90264f33305004495a9","hash":"394fffda8133a99fa5d7283f2abd9ff385593045"}
,"D:\\react-training\\AwesomeTSProject\\src\\redux\\slices\\index.ts": {"path":"D:\\react-training\\AwesomeTSProject\\src\\redux\\slices\\index.ts","statementMap":{},"fnMap":{},"branchMap":{},"s":{},"f":{},"b":{},"_coverageSchema":"1a1c01bbd47fc00a2c39e90264f33305004495a9","hash":"5d6f2c9e69145d2c7386c888dbc3ddef45b452bb"}
,"D:\\react-training\\AwesomeTSProject\\src\\redux\\slices\\postSlices.ts": {"path":"D:\\react-training\\AwesomeTSProject\\src\\redux\\slices\\postSlices.ts","statementMap":{"0":{"start":{"line":13,"column":32},"end":{"line":20,"column":1}},"1":{"start":{"line":22,"column":18},"end":{"line":177,"column":2}},"2":{"start":{"line":27,"column":6},"end":{"line":27,"column":27}},"3":{"start":{"line":28,"column":6},"end":{"line":28,"column":30}},"4":{"start":{"line":39,"column":6},"end":{"line":39,"column":28}},"5":{"start":{"line":40,"column":6},"end":{"line":40,"column":50}},"6":{"start":{"line":41,"column":6},"end":{"line":41,"column":42}},"7":{"start":{"line":42,"column":6},"end":{"line":42,"column":42}},"8":{"start":{"line":43,"column":6},"end":{"line":43,"column":48}},"9":{"start":{"line":46,"column":6},"end":{"line":46,"column":28}},"10":{"start":{"line":47,"column":6},"end":{"line":47,"column":43}},"11":{"start":{"line":53,"column":6},"end":{"line":53,"column":27}},"12":{"start":{"line":54,"column":6},"end":{"line":54,"column":30}},"13":{"start":{"line":57,"column":6},"end":{"line":57,"column":28}},"14":{"start":{"line":58,"column":6},"end":{"line":58,"column":54}},"15":{"start":{"line":59,"column":6},"end":{"line":59,"column":68}},"16":{"start":{"line":62,"column":6},"end":{"line":62,"column":28}},"17":{"start":{"line":63,"column":6},"end":{"line":63,"column":43}},"18":{"start":{"line":73,"column":6},"end":{"line":73,"column":27}},"19":{"start":{"line":74,"column":6},"end":{"line":74,"column":30}},"20":{"start":{"line":77,"column":6},"end":{"line":77,"column":28}},"21":{"start":{"line":78,"column":6},"end":{"line":78,"column":71}},"22":{"start":{"line":81,"column":6},"end":{"line":81,"column":28}},"23":{"start":{"line":82,"column":6},"end":{"line":82,"column":43}},"24":{"start":{"line":85,"column":6},"end":{"line":85,"column":27}},"25":{"start":{"line":86,"column":6},"end":{"line":86,"column":30}},"26":{"start":{"line":89,"column":6},"end":{"line":89,"column":28}},"27":{"start":{"line":90,"column":6},"end":{"line":90,"column":42}},"28":{"start":{"line":91,"column":6},"end":{"line":91,"column":83}},"29":{"start":{"line":91,"column":57},"end":{"line":91,"column":81}},"30":{"start":{"line":92,"column":6},"end":{"line":92,"column":82}},"31":{"start":{"line":92,"column":49},"end":{"line":92,"column":80}},"32":{"start":{"line":93,"column":6},"end":{"line":93,"column":88}},"33":{"start":{"line":93,"column":55},"end":{"line":93,"column":86}},"34":{"start":{"line":96,"column":6},"end":{"line":96,"column":28}},"35":{"start":{"line":97,"column":6},"end":{"line":97,"column":43}},"36":{"start":{"line":100,"column":6},"end":{"line":100,"column":27}},"37":{"start":{"line":101,"column":6},"end":{"line":101,"column":30}},"38":{"start":{"line":104,"column":6},"end":{"line":104,"column":28}},"39":{"start":{"line":105,"column":6},"end":{"line":105,"column":71}},"40":{"start":{"line":108,"column":6},"end":{"line":108,"column":28}},"41":{"start":{"line":109,"column":6},"end":{"line":109,"column":43}},"42":{"start":{"line":112,"column":6},"end":{"line":112,"column":27}},"43":{"start":{"line":113,"column":6},"end":{"line":113,"column":30}},"44":{"start":{"line":116,"column":6},"end":{"line":116,"column":28}},"45":{"start":{"line":117,"column":6},"end":{"line":117,"column":40}},"46":{"start":{"line":120,"column":6},"end":{"line":120,"column":28}},"47":{"start":{"line":121,"column":6},"end":{"line":121,"column":43}},"48":{"start":{"line":124,"column":6},"end":{"line":124,"column":27}},"49":{"start":{"line":125,"column":6},"end":{"line":125,"column":30}},"50":{"start":{"line":128,"column":6},"end":{"line":128,"column":28}},"51":{"start":{"line":129,"column":6},"end":{"line":129,"column":78}},"52":{"start":{"line":129,"column":49},"end":{"line":129,"column":76}},"53":{"start":{"line":132,"column":6},"end":{"line":132,"column":28}},"54":{"start":{"line":133,"column":6},"end":{"line":133,"column":43}},"55":{"start":{"line":139,"column":6},"end":{"line":139,"column":27}},"56":{"start":{"line":140,"column":6},"end":{"line":140,"column":30}},"57":{"start":{"line":143,"column":6},"end":{"line":143,"column":28}},"58":{"start":{"line":144,"column":6},"end":{"line":144,"column":43}},"59":{"start":{"line":147,"column":6},"end":{"line":147,"column":28}},"60":{"start":{"line":148,"column":6},"end":{"line":148,"column":43}},"61":{"start":{"line":151,"column":6},"end":{"line":151,"column":27}},"62":{"start":{"line":152,"column":6},"end":{"line":152,"column":30}},"63":{"start":{"line":155,"column":6},"end":{"line":155,"column":28}},"64":{"start":{"line":156,"column":6},"end":{"line":158,"column":8}},"65":{"start":{"line":157,"column":8},"end":{"line":157,"column":69}},"66":{"start":{"line":161,"column":6},"end":{"line":161,"column":28}},"67":{"start":{"line":162,"column":6},"end":{"line":162,"column":43}},"68":{"start":{"line":165,"column":6},"end":{"line":165,"column":27}},"69":{"start":{"line":166,"column":6},"end":{"line":166,"column":30}},"70":{"start":{"line":169,"column":6},"end":{"line":169,"column":28}},"71":{"start":{"line":170,"column":6},"end":{"line":170,"column":84}},"72":{"start":{"line":170,"column":55},"end":{"line":170,"column":82}},"73":{"start":{"line":173,"column":6},"end":{"line":173,"column":28}},"74":{"start":{"line":174,"column":6},"end":{"line":174,"column":43}},"75":{"start":{"line":180,"column":27},"end":{"line":180,"column":44}},"76":{"start":{"line":183,"column":27},"end":{"line":192,"column":1}},"77":{"start":{"line":184,"column":24},"end":{"line":184,"column":26}},"78":{"start":{"line":185,"column":2},"end":{"line":189,"column":5}},"79":{"start":{"line":186,"column":4},"end":{"line":188,"column":5}},"80":{"start":{"line":187,"column":6},"end":{"line":187,"column":41}},"81":{"start":{"line":191,"column":2},"end":{"line":191,"column":15}},"82":{"start":{"line":193,"column":27},"end":{"line":193,"column":65}},"83":{"start":{"line":193,"column":49},"end":{"line":193,"column":65}},"84":{"start":{"line":194,"column":30},"end":{"line":194,"column":71}},"85":{"start":{"line":194,"column":52},"end":{"line":194,"column":71}},"86":{"start":{"line":197,"column":20},"end":{"line":197,"column":37}}},"fnMap":{"0":{"name":"(anonymous_0)","decl":{"start":{"line":26,"column":4},"end":{"line":26,"column":5}},"loc":{"start":{"line":26,"column":57},"end":{"line":29,"column":5}},"line":26},"1":{"name":"(anonymous_1)","decl":{"start":{"line":30,"column":4},"end":{"line":30,"column":5}},"loc":{"start":{"line":38,"column":6},"end":{"line":44,"column":5}},"line":38},"2":{"name":"(anonymous_2)","decl":{"start":{"line":45,"column":4},"end":{"line":45,"column":5}},"loc":{"start":{"line":45,"column":59},"end":{"line":48,"column":5}},"line":45},"3":{"name":"(anonymous_3)","decl":{"start":{"line":49,"column":4},"end":{"line":49,"column":5}},"loc":{"start":{"line":52,"column":6},"end":{"line":55,"column":5}},"line":52},"4":{"name":"(anonymous_4)","decl":{"start":{"line":56,"column":4},"end":{"line":56,"column":5}},"loc":{"start":{"line":56,"column":85},"end":{"line":60,"column":5}},"line":56},"5":{"name":"(anonymous_5)","decl":{"start":{"line":61,"column":4},"end":{"line":61,"column":5}},"loc":{"start":{"line":61,"column":57},"end":{"line":64,"column":5}},"line":61},"6":{"name":"(anonymous_6)","decl":{"start":{"line":65,"column":4},"end":{"line":65,"column":5}},"loc":{"start":{"line":72,"column":6},"end":{"line":75,"column":5}},"line":72},"7":{"name":"(anonymous_7)","decl":{"start":{"line":76,"column":4},"end":{"line":76,"column":5}},"loc":{"start":{"line":76,"column":89},"end":{"line":79,"column":5}},"line":76},"8":{"name":"(anonymous_8)","decl":{"start":{"line":80,"column":4},"end":{"line":80,"column":5}},"loc":{"start":{"line":80,"column":58},"end":{"line":83,"column":5}},"line":80},"9":{"name":"(anonymous_9)","decl":{"start":{"line":84,"column":4},"end":{"line":84,"column":5}},"loc":{"start":{"line":84,"column":54},"end":{"line":87,"column":5}},"line":84},"10":{"name":"(anonymous_10)","decl":{"start":{"line":88,"column":4},"end":{"line":88,"column":5}},"loc":{"start":{"line":88,"column":61},"end":{"line":94,"column":5}},"line":88},"11":{"name":"(anonymous_11)","decl":{"start":{"line":91,"column":47},"end":{"line":91,"column":48}},"loc":{"start":{"line":91,"column":57},"end":{"line":91,"column":81}},"line":91},"12":{"name":"(anonymous_12)","decl":{"start":{"line":92,"column":39},"end":{"line":92,"column":40}},"loc":{"start":{"line":92,"column":49},"end":{"line":92,"column":80}},"line":92},"13":{"name":"(anonymous_13)","decl":{"start":{"line":93,"column":45},"end":{"line":93,"column":46}},"loc":{"start":{"line":93,"column":55},"end":{"line":93,"column":86}},"line":93},"14":{"name":"(anonymous_14)","decl":{"start":{"line":95,"column":4},"end":{"line":95,"column":5}},"loc":{"start":{"line":95,"column":60},"end":{"line":98,"column":5}},"line":95},"15":{"name":"(anonymous_15)","decl":{"start":{"line":99,"column":4},"end":{"line":99,"column":5}},"loc":{"start":{"line":99,"column":92},"end":{"line":102,"column":5}},"line":99},"16":{"name":"(anonymous_16)","decl":{"start":{"line":103,"column":4},"end":{"line":103,"column":5}},"loc":{"start":{"line":103,"column":99},"end":{"line":106,"column":5}},"line":103},"17":{"name":"(anonymous_17)","decl":{"start":{"line":107,"column":4},"end":{"line":107,"column":5}},"loc":{"start":{"line":107,"column":68},"end":{"line":110,"column":5}},"line":107},"18":{"name":"(anonymous_18)","decl":{"start":{"line":111,"column":4},"end":{"line":111,"column":5}},"loc":{"start":{"line":111,"column":83},"end":{"line":114,"column":5}},"line":111},"19":{"name":"(anonymous_19)","decl":{"start":{"line":115,"column":4},"end":{"line":115,"column":5}},"loc":{"start":{"line":115,"column":61},"end":{"line":118,"column":5}},"line":115},"20":{"name":"(anonymous_20)","decl":{"start":{"line":119,"column":4},"end":{"line":119,"column":5}},"loc":{"start":{"line":119,"column":58},"end":{"line":122,"column":5}},"line":119},"21":{"name":"(anonymous_21)","decl":{"start":{"line":123,"column":4},"end":{"line":123,"column":5}},"loc":{"start":{"line":123,"column":54},"end":{"line":126,"column":5}},"line":123},"22":{"name":"(anonymous_22)","decl":{"start":{"line":127,"column":4},"end":{"line":127,"column":5}},"loc":{"start":{"line":127,"column":61},"end":{"line":130,"column":5}},"line":127},"23":{"name":"(anonymous_23)","decl":{"start":{"line":129,"column":39},"end":{"line":129,"column":40}},"loc":{"start":{"line":129,"column":49},"end":{"line":129,"column":76}},"line":129},"24":{"name":"(anonymous_24)","decl":{"start":{"line":131,"column":4},"end":{"line":131,"column":5}},"loc":{"start":{"line":131,"column":60},"end":{"line":134,"column":5}},"line":131},"25":{"name":"(anonymous_25)","decl":{"start":{"line":135,"column":4},"end":{"line":135,"column":5}},"loc":{"start":{"line":138,"column":6},"end":{"line":141,"column":5}},"line":138},"26":{"name":"(anonymous_26)","decl":{"start":{"line":142,"column":4},"end":{"line":142,"column":5}},"loc":{"start":{"line":142,"column":66},"end":{"line":145,"column":5}},"line":142},"27":{"name":"(anonymous_27)","decl":{"start":{"line":146,"column":4},"end":{"line":146,"column":5}},"loc":{"start":{"line":146,"column":60},"end":{"line":149,"column":5}},"line":146},"28":{"name":"(anonymous_28)","decl":{"start":{"line":150,"column":4},"end":{"line":150,"column":5}},"loc":{"start":{"line":150,"column":90},"end":{"line":153,"column":5}},"line":150},"29":{"name":"(anonymous_29)","decl":{"start":{"line":154,"column":4},"end":{"line":154,"column":5}},"loc":{"start":{"line":154,"column":67},"end":{"line":159,"column":5}},"line":154},"30":{"name":"(anonymous_30)","decl":{"start":{"line":156,"column":42},"end":{"line":156,"column":43}},"loc":{"start":{"line":157,"column":8},"end":{"line":157,"column":69}},"line":157},"31":{"name":"(anonymous_31)","decl":{"start":{"line":160,"column":4},"end":{"line":160,"column":5}},"loc":{"start":{"line":160,"column":61},"end":{"line":163,"column":5}},"line":160},"32":{"name":"(anonymous_32)","decl":{"start":{"line":164,"column":4},"end":{"line":164,"column":5}},"loc":{"start":{"line":164,"column":57},"end":{"line":167,"column":5}},"line":164},"33":{"name":"(anonymous_33)","decl":{"start":{"line":168,"column":4},"end":{"line":168,"column":5}},"loc":{"start":{"line":168,"column":64},"end":{"line":171,"column":5}},"line":168},"34":{"name":"(anonymous_34)","decl":{"start":{"line":170,"column":45},"end":{"line":170,"column":46}},"loc":{"start":{"line":170,"column":55},"end":{"line":170,"column":82}},"line":170},"35":{"name":"(anonymous_35)","decl":{"start":{"line":172,"column":4},"end":{"line":172,"column":5}},"loc":{"start":{"line":172,"column":63},"end":{"line":175,"column":5}},"line":172},"36":{"name":"(anonymous_36)","decl":{"start":{"line":183,"column":27},"end":{"line":183,"column":28}},"loc":{"start":{"line":183,"column":49},"end":{"line":192,"column":1}},"line":183},"37":{"name":"(anonymous_37)","decl":{"start":{"line":185,"column":31},"end":{"line":185,"column":32}},"loc":{"start":{"line":185,"column":41},"end":{"line":189,"column":3}},"line":185},"38":{"name":"(anonymous_38)","decl":{"start":{"line":193,"column":27},"end":{"line":193,"column":28}},"loc":{"start":{"line":193,"column":49},"end":{"line":193,"column":65}},"line":193},"39":{"name":"(anonymous_39)","decl":{"start":{"line":194,"column":30},"end":{"line":194,"column":31}},"loc":{"start":{"line":194,"column":52},"end":{"line":194,"column":71}},"line":194}},"branchMap":{"0":{"loc":{"start":{"line":157,"column":8},"end":{"line":157,"column":69}},"type":"cond-expr","locations":[{"start":{"line":157,"column":44},"end":{"line":157,"column":59}},{"start":{"line":157,"column":62},"end":{"line":157,"column":69}}],"line":157},"1":{"loc":{"start":{"line":186,"column":4},"end":{"line":188,"column":5}},"type":"if","locations":[{"start":{"line":186,"column":4},"end":{"line":188,"column":5}},{"start":{},"end":{}}],"line":186}},"s":{"0":12,"1":12,"2":1,"3":1,"4":1,"5":1,"6":1,"7":1,"8":1,"9":1,"10":1,"11":1,"12":1,"13":1,"14":1,"15":1,"16":1,"17":1,"18":1,"19":1,"20":1,"21":1,"22":1,"23":1,"24":1,"25":1,"26":1,"27":1,"28":1,"29":2,"30":1,"31":1,"32":1,"33":2,"34":1,"35":1,"36":1,"37":1,"38":1,"39":1,"40":1,"41":1,"42":1,"43":1,"44":1,"45":1,"46":1,"47":1,"48":1,"49":1,"50":1,"51":1,"52":2,"53":1,"54":1,"55":1,"56":1,"57":1,"58":1,"59":1,"60":1,"61":1,"62":1,"63":1,"64":1,"65":3,"66":1,"67":1,"68":1,"69":1,"70":1,"71":1,"72":3,"73":1,"74":1,"75":12,"76":12,"77":17,"78":17,"79":21,"80":21,"81":17,"82":12,"83":9,"84":12,"85":9,"86":12},"f":{"0":1,"1":1,"2":1,"3":1,"4":1,"5":1,"6":1,"7":1,"8":1,"9":1,"10":1,"11":2,"12":1,"13":2,"14":1,"15":1,"16":1,"17":1,"18":1,"19":1,"20":1,"21":1,"22":1,"23":2,"24":1,"25":1,"26":1,"27":1,"28":1,"29":1,"30":3,"31":1,"32":1,"33":1,"34":3,"35":1,"36":17,"37":21,"38":9,"39":9},"b":{"0":[1,2],"1":[21,0]},"_coverageSchema":"1a1c01bbd47fc00a2c39e90264f33305004495a9","hash":"352150b50c27c61bf80609223320203614ab0c42"}
,"D:\\react-training\\AwesomeTSProject\\src\\redux\\store\\index.ts": {"path":"D:\\react-training\\AwesomeTSProject\\src\\redux\\store\\index.ts","statementMap":{"0":{"start":{"line":7,"column":23},"end":{"line":7,"column":45}},"1":{"start":{"line":8,"column":21},"end":{"line":17,"column":2}},"2":{"start":{"line":14,"column":4},"end":{"line":16,"column":29}},"3":{"start":{"line":19,"column":0},"end":{"line":19,"column":29}}},"fnMap":{"0":{"name":"(anonymous_0)","decl":{"start":{"line":13,"column":14},"end":{"line":13,"column":15}},"loc":{"start":{"line":14,"column":4},"end":{"line":16,"column":29}},"line":14}},"branchMap":{},"s":{"0":2,"1":2,"2":2,"3":2},"f":{"0":2},"b":{},"_coverageSchema":"1a1c01bbd47fc00a2c39e90264f33305004495a9","hash":"162e5374871784603135d8080d3b4c1a3b234733"}
,"D:\\react-training\\AwesomeTSProject\\src\\screens\\AddPostScreen\\index.tsx": {"path":"D:\\react-training\\AwesomeTSProject\\src\\screens\\AddPostScreen\\index.tsx","statementMap":{"0":{"start":{"line":43,"column":27},"end":{"line":53,"column":1}},"1":{"start":{"line":55,"column":33},"end":{"line":62,"column":1}},"2":{"start":{"line":64,"column":19},"end":{"line":71,"column":2}},"3":{"start":{"line":73,"column":22},"end":{"line":384,"column":1}},"4":{"start":{"line":74,"column":26},"end":{"line":74,"column":58}},"5":{"start":{"line":75,"column":38},"end":{"line":75,"column":82}},"6":{"start":{"line":76,"column":19},"end":{"line":76,"column":35}},"7":{"start":{"line":77,"column":22},"end":{"line":77,"column":73}},"8":{"start":{"line":77,"column":48},"end":{"line":77,"column":72}},"9":{"start":{"line":78,"column":19},"end":{"line":78,"column":56}},"10":{"start":{"line":79,"column":21},"end":{"line":79,"column":60}},"11":{"start":{"line":80,"column":21},"end":{"line":80,"column":49}},"12":{"start":{"line":82,"column":2},"end":{"line":98,"column":9}},"13":{"start":{"line":83,"column":4},"end":{"line":96,"column":5}},"14":{"start":{"line":84,"column":6},"end":{"line":95,"column":9}},"15":{"start":{"line":100,"column":28},"end":{"line":115,"column":3}},"16":{"start":{"line":101,"column":4},"end":{"line":114,"column":6}},"17":{"start":{"line":107,"column":8},"end":{"line":112,"column":9}},"18":{"start":{"line":108,"column":10},"end":{"line":111,"column":13}},"19":{"start":{"line":117,"column":27},"end":{"line":124,"column":3}},"20":{"start":{"line":118,"column":4},"end":{"line":118,"column":39}},"21":{"start":{"line":119,"column":20},"end":{"line":119,"column":47}},"22":{"start":{"line":121,"column":4},"end":{"line":123,"column":5}},"23":{"start":{"line":122,"column":6},"end":{"line":122,"column":50}},"24":{"start":{"line":126,"column":26},"end":{"line":134,"column":3}},"25":{"start":{"line":127,"column":24},"end":{"line":127,"column":46}},"26":{"start":{"line":128,"column":20},"end":{"line":128,"column":61}},"27":{"start":{"line":129,"column":4},"end":{"line":131,"column":7}},"28":{"start":{"line":130,"column":6},"end":{"line":130,"column":77}},"29":{"start":{"line":130,"column":36},"end":{"line":130,"column":74}},"30":{"start":{"line":133,"column":4},"end":{"line":133,"column":19}},"31":{"start":{"line":136,"column":27},"end":{"line":154,"column":3}},"32":{"start":{"line":137,"column":4},"end":{"line":153,"column":6}},"33":{"start":{"line":141,"column":10},"end":{"line":146,"column":11}},"34":{"start":{"line":142,"column":12},"end":{"line":145,"column":15}},"35":{"start":{"line":148,"column":10},"end":{"line":150,"column":11}},"36":{"start":{"line":149,"column":12},"end":{"line":149,"column":53}},"37":{"start":{"line":156,"column":25},"end":{"line":175,"column":3}},"38":{"start":{"line":157,"column":4},"end":{"line":174,"column":6}},"39":{"start":{"line":162,"column":10},"end":{"line":167,"column":11}},"40":{"start":{"line":163,"column":12},"end":{"line":166,"column":15}},"41":{"start":{"line":169,"column":10},"end":{"line":171,"column":11}},"42":{"start":{"line":170,"column":12},"end":{"line":170,"column":53}},"43":{"start":{"line":177,"column":23},"end":{"line":216,"column":3}},"44":{"start":{"line":178,"column":20},"end":{"line":178,"column":48}},"45":{"start":{"line":179,"column":4},"end":{"line":215,"column":5}},"46":{"start":{"line":180,"column":6},"end":{"line":207,"column":7}},"47":{"start":{"line":181,"column":8},"end":{"line":192,"column":11}},"48":{"start":{"line":194,"column":8},"end":{"line":206,"column":11}},"49":{"start":{"line":209,"column":6},"end":{"line":209,"column":47}},"50":{"start":{"line":210,"column":6},"end":{"line":210,"column":41}},"51":{"start":{"line":211,"column":6},"end":{"line":211,"column":41}},"52":{"start":{"line":212,"column":6},"end":{"line":212,"column":43}},"53":{"start":{"line":213,"column":6},"end":{"line":213,"column":43}},"54":{"start":{"line":214,"column":6},"end":{"line":214,"column":55}},"55":{"start":{"line":218,"column":2},"end":{"line":383,"column":4}},"56":{"start":{"line":238,"column":14},"end":{"line":251,"column":17}},"57":{"start":{"line":246,"column":20},"end":{"line":246,"column":49}},"58":{"start":{"line":247,"column":20},"end":{"line":247,"column":60}},"59":{"start":{"line":260,"column":39},"end":{"line":260,"column":77}},"60":{"start":{"line":271,"column":39},"end":{"line":271,"column":74}},"61":{"start":{"line":283,"column":39},"end":{"line":283,"column":74}},"62":{"start":{"line":304,"column":27},"end":{"line":304,"column":59}},"63":{"start":{"line":318,"column":27},"end":{"line":318,"column":60}},"64":{"start":{"line":326,"column":39},"end":{"line":326,"column":75}},"65":{"start":{"line":338,"column":39},"end":{"line":338,"column":77}},"66":{"start":{"line":348,"column":39},"end":{"line":348,"column":75}},"67":{"start":{"line":359,"column":39},"end":{"line":359,"column":81}}},"fnMap":{"0":{"name":"(anonymous_0)","decl":{"start":{"line":73,"column":22},"end":{"line":73,"column":23}},"loc":{"start":{"line":73,"column":63},"end":{"line":384,"column":1}},"line":73},"1":{"name":"(anonymous_1)","decl":{"start":{"line":77,"column":37},"end":{"line":77,"column":38}},"loc":{"start":{"line":77,"column":48},"end":{"line":77,"column":72}},"line":77},"2":{"name":"(anonymous_2)","decl":{"start":{"line":82,"column":12},"end":{"line":82,"column":13}},"loc":{"start":{"line":82,"column":18},"end":{"line":98,"column":3}},"line":82},"3":{"name":"(anonymous_3)","decl":{"start":{"line":100,"column":28},"end":{"line":100,"column":29}},"loc":{"start":{"line":100,"column":34},"end":{"line":115,"column":3}},"line":100},"4":{"name":"(anonymous_4)","decl":{"start":{"line":106,"column":6},"end":{"line":106,"column":7}},"loc":{"start":{"line":106,"column":20},"end":{"line":113,"column":7}},"line":106},"5":{"name":"(anonymous_5)","decl":{"start":{"line":117,"column":27},"end":{"line":117,"column":28}},"loc":{"start":{"line":117,"column":56},"end":{"line":124,"column":3}},"line":117},"6":{"name":"(anonymous_6)","decl":{"start":{"line":126,"column":26},"end":{"line":126,"column":27}},"loc":{"start":{"line":126,"column":67},"end":{"line":134,"column":3}},"line":126},"7":{"name":"(anonymous_7)","decl":{"start":{"line":129,"column":49},"end":{"line":129,"column":50}},"loc":{"start":{"line":129,"column":80},"end":{"line":131,"column":5}},"line":129},"8":{"name":"(anonymous_8)","decl":{"start":{"line":130,"column":20},"end":{"line":130,"column":21}},"loc":{"start":{"line":130,"column":36},"end":{"line":130,"column":74}},"line":130},"9":{"name":"(anonymous_9)","decl":{"start":{"line":136,"column":27},"end":{"line":136,"column":28}},"loc":{"start":{"line":136,"column":46},"end":{"line":154,"column":3}},"line":136},"10":{"name":"(anonymous_10)","decl":{"start":{"line":140,"column":18},"end":{"line":140,"column":19}},"loc":{"start":{"line":140,"column":35},"end":{"line":151,"column":9}},"line":140},"11":{"name":"(anonymous_11)","decl":{"start":{"line":156,"column":25},"end":{"line":156,"column":26}},"loc":{"start":{"line":156,"column":44},"end":{"line":175,"column":3}},"line":156},"12":{"name":"(anonymous_12)","decl":{"start":{"line":161,"column":18},"end":{"line":161,"column":19}},"loc":{"start":{"line":161,"column":35},"end":{"line":172,"column":9}},"line":161},"13":{"name":"(anonymous_13)","decl":{"start":{"line":177,"column":23},"end":{"line":177,"column":24}},"loc":{"start":{"line":177,"column":29},"end":{"line":216,"column":3}},"line":177},"14":{"name":"(anonymous_14)","decl":{"start":{"line":237,"column":24},"end":{"line":237,"column":25}},"loc":{"start":{"line":238,"column":14},"end":{"line":251,"column":17}},"line":238},"15":{"name":"(anonymous_15)","decl":{"start":{"line":245,"column":27},"end":{"line":245,"column":28}},"loc":{"start":{"line":245,"column":33},"end":{"line":248,"column":19}},"line":245},"16":{"name":"(anonymous_16)","decl":{"start":{"line":260,"column":24},"end":{"line":260,"column":25}},"loc":{"start":{"line":260,"column":39},"end":{"line":260,"column":77}},"line":260},"17":{"name":"(anonymous_17)","decl":{"start":{"line":271,"column":24},"end":{"line":271,"column":25}},"loc":{"start":{"line":271,"column":39},"end":{"line":271,"column":74}},"line":271},"18":{"name":"(anonymous_18)","decl":{"start":{"line":283,"column":24},"end":{"line":283,"column":25}},"loc":{"start":{"line":283,"column":39},"end":{"line":283,"column":74}},"line":283},"19":{"name":"(anonymous_19)","decl":{"start":{"line":304,"column":21},"end":{"line":304,"column":22}},"loc":{"start":{"line":304,"column":27},"end":{"line":304,"column":59}},"line":304},"20":{"name":"(anonymous_20)","decl":{"start":{"line":318,"column":21},"end":{"line":318,"column":22}},"loc":{"start":{"line":318,"column":27},"end":{"line":318,"column":60}},"line":318},"21":{"name":"(anonymous_21)","decl":{"start":{"line":326,"column":24},"end":{"line":326,"column":25}},"loc":{"start":{"line":326,"column":39},"end":{"line":326,"column":75}},"line":326},"22":{"name":"(anonymous_22)","decl":{"start":{"line":338,"column":24},"end":{"line":338,"column":25}},"loc":{"start":{"line":338,"column":39},"end":{"line":338,"column":77}},"line":338},"23":{"name":"(anonymous_23)","decl":{"start":{"line":348,"column":24},"end":{"line":348,"column":25}},"loc":{"start":{"line":348,"column":39},"end":{"line":348,"column":75}},"line":348},"24":{"name":"(anonymous_24)","decl":{"start":{"line":359,"column":24},"end":{"line":359,"column":25}},"loc":{"start":{"line":359,"column":39},"end":{"line":359,"column":81}},"line":359}},"branchMap":{"0":{"loc":{"start":{"line":78,"column":19},"end":{"line":78,"column":56}},"type":"binary-expr","locations":[{"start":{"line":78,"column":19},"end":{"line":78,"column":31}},{"start":{"line":78,"column":35},"end":{"line":78,"column":56}}],"line":78},"1":{"loc":{"start":{"line":79,"column":21},"end":{"line":79,"column":60}},"type":"binary-expr","locations":[{"start":{"line":79,"column":21},"end":{"line":79,"column":33}},{"start":{"line":79,"column":37},"end":{"line":79,"column":60}}],"line":79},"2":{"loc":{"start":{"line":80,"column":21},"end":{"line":80,"column":49}},"type":"cond-expr","locations":[{"start":{"line":80,"column":34},"end":{"line":80,"column":40}},{"start":{"line":80,"column":43},"end":{"line":80,"column":49}}],"line":80},"3":{"loc":{"start":{"line":83,"column":4},"end":{"line":96,"column":5}},"type":"if","locations":[{"start":{"line":83,"column":4},"end":{"line":96,"column":5}},{"start":{},"end":{}}],"line":83},"4":{"loc":{"start":{"line":107,"column":8},"end":{"line":112,"column":9}},"type":"if","locations":[{"start":{"line":107,"column":8},"end":{"line":112,"column":9}},{"start":{},"end":{}}],"line":107},"5":{"loc":{"start":{"line":107,"column":12},"end":{"line":107,"column":39}},"type":"binary-expr","locations":[{"start":{"line":107,"column":12},"end":{"line":107,"column":20}},{"start":{"line":107,"column":24},"end":{"line":107,"column":39}}],"line":107},"6":{"loc":{"start":{"line":121,"column":4},"end":{"line":123,"column":5}},"type":"if","locations":[{"start":{"line":121,"column":4},"end":{"line":123,"column":5}},{"start":{},"end":{}}],"line":121},"7":{"loc":{"start":{"line":141,"column":10},"end":{"line":146,"column":11}},"type":"if","locations":[{"start":{"line":141,"column":10},"end":{"line":146,"column":11}},{"start":{},"end":{}}],"line":141},"8":{"loc":{"start":{"line":148,"column":10},"end":{"line":150,"column":11}},"type":"if","locations":[{"start":{"line":148,"column":10},"end":{"line":150,"column":11}},{"start":{},"end":{}}],"line":148},"9":{"loc":{"start":{"line":159,"column":16},"end":{"line":159,"column":35}},"type":"binary-expr","locations":[{"start":{"line":159,"column":16},"end":{"line":159,"column":30}},{"start":{"line":159,"column":34},"end":{"line":159,"column":35}}],"line":159},"10":{"loc":{"start":{"line":162,"column":10},"end":{"line":167,"column":11}},"type":"if","locations":[{"start":{"line":162,"column":10},"end":{"line":167,"column":11}},{"start":{},"end":{}}],"line":162},"11":{"loc":{"start":{"line":165,"column":31},"end":{"line":165,"column":94}},"type":"cond-expr","locations":[{"start":{"line":165,"column":42},"end":{"line":165,"column":68}},{"start":{"line":165,"column":71},"end":{"line":165,"column":94}}],"line":165},"12":{"loc":{"start":{"line":169,"column":10},"end":{"line":171,"column":11}},"type":"if","locations":[{"start":{"line":169,"column":10},"end":{"line":171,"column":11}},{"start":{},"end":{}}],"line":169},"13":{"loc":{"start":{"line":179,"column":4},"end":{"line":215,"column":5}},"type":"if","locations":[{"start":{"line":179,"column":4},"end":{"line":215,"column":5}},{"start":{"line":208,"column":11},"end":{"line":215,"column":5}}],"line":179},"14":{"loc":{"start":{"line":180,"column":6},"end":{"line":207,"column":7}},"type":"if","locations":[{"start":{"line":180,"column":6},"end":{"line":207,"column":7}},{"start":{"line":193,"column":13},"end":{"line":207,"column":7}}],"line":180},"15":{"loc":{"start":{"line":188,"column":19},"end":{"line":188,"column":54}},"type":"binary-expr","locations":[{"start":{"line":188,"column":19},"end":{"line":188,"column":31}},{"start":{"line":188,"column":35},"end":{"line":188,"column":54}}],"line":188},"16":{"loc":{"start":{"line":201,"column":19},"end":{"line":201,"column":54}},"type":"binary-expr","locations":[{"start":{"line":201,"column":19},"end":{"line":201,"column":31}},{"start":{"line":201,"column":35},"end":{"line":201,"column":54}}],"line":201},"17":{"loc":{"start":{"line":231,"column":9},"end":{"line":254,"column":21}},"type":"cond-expr","locations":[{"start":{"line":232,"column":10},"end":{"line":253,"column":12}},{"start":{"line":254,"column":12},"end":{"line":254,"column":21}}],"line":231},"18":{"loc":{"start":{"line":231,"column":10},"end":{"line":231,"column":27}},"type":"binary-expr","locations":[{"start":{"line":231,"column":10},"end":{"line":231,"column":21}},{"start":{"line":231,"column":25},"end":{"line":231,"column":27}}],"line":231},"19":{"loc":{"start":{"line":296,"column":27},"end":{"line":296,"column":78}},"type":"cond-expr","locations":[{"start":{"line":296,"column":41},"end":{"line":296,"column":63}},{"start":{"line":296,"column":66},"end":{"line":296,"column":78}}],"line":296},"20":{"loc":{"start":{"line":298,"column":21},"end":{"line":298,"column":72}},"type":"cond-expr","locations":[{"start":{"line":298,"column":35},"end":{"line":298,"column":57}},{"start":{"line
[...]
3}},"line":36},"8":{"name":"(anonymous_8)","decl":{"start":{"line":40,"column":27},"end":{"line":40,"column":28}},"loc":{"start":{"line":40,"column":47},"end":{"line":42,"column":3}},"line":40},"9":{"name":"(anonymous_9)","decl":{"start":{"line":44,"column":24},"end":{"line":44,"column":25}},"loc":{"start":{"line":44,"column":30},"end":{"line":47,"column":3}},"line":44},"10":{"name":"(anonymous_10)","decl":{"start":{"line":46,"column":35},"end":{"line":46,"column":36}},"loc":{"start":{"line":46,"column":41},"end":{"line":46,"column":58}},"line":46},"11":{"name":"(anonymous_11)","decl":{"start":{"line":49,"column":26},"end":{"line":49,"column":27}},"loc":{"start":{"line":49,"column":47},"end":{"line":53,"column":3}},"line":49},"12":{"name":"(anonymous_12)","decl":{"start":{"line":55,"column":21},"end":{"line":55,"column":22}},"loc":{"start":{"line":55,"column":37},"end":{"line":60,"column":3}},"line":55},"13":{"name":"(anonymous_13)","decl":{"start":{"line":62,"column":21},"end":{"line":62,"column":22}},"loc":{"start":{"line":63,"column":4},"end":{"line":71,"column":6}},"line":63},"14":{"name":"(anonymous_14)","decl":{"start":{"line":74,"column":26},"end":{"line":74,"column":27}},"loc":{"start":{"line":74,"column":32},"end":{"line":74,"column":74}},"line":74},"15":{"name":"(anonymous_15)","decl":{"start":{"line":84,"column":22},"end":{"line":84,"column":23}},"loc":{"start":{"line":84,"column":32},"end":{"line":84,"column":57}},"line":84}},"branchMap":{"0":{"loc":{"start":{"line":28,"column":4},"end":{"line":30,"column":64}},"type":"cond-expr","locations":[{"start":{"line":29,"column":8},"end":{"line":29,"column":42}},{"start":{"line":30,"column":8},"end":{"line":30,"column":64}}],"line":28},"1":{"loc":{"start":{"line":84,"column":33},"end":{"line":84,"column":45}},"type":"binary-expr","locations":[{"start":{"line":84,"column":33},"end":{"line":84,"column":40}},{"start":{"line":84,"column":44},"end":{"line":84,"column":45}}],"line":84}},"s":{"0":1,"1":8,"2":8,"3":8,"4":8,"5":8,"6":8,"7":8,"8":8,"9":12,"10":1,"11":8,"12":0,"13":8,"14":1,"15":8,"16":1,"17":8,"18":1,"19":1,"20":0,"21":8,"22":1,"23":8,"24":0,"25":8,"26":7,"27":8,"28":1,"29":8,"30":7,"31":1},"f":{"0":8,"1":8,"2":8,"3":8,"4":12,"5":1,"6":0,"7":1,"8":1,"9":1,"10":0,"11":1,"12":0,"13":7,"14":1,"15":7},"b":{"0":[6,2],"1":[7,0]},"_coverageSchema":"1a1c01bbd47fc00a2c39e90264f33305004495a9","hash":"bc4a36411c59834748f0d059a10840df6022e320"}
,"D:\\react-training\\AwesomeTSProject\\src\\screens\\ProfileScreen\\index.tsx": {"path":"D:\\react-training\\AwesomeTSProject\\src\\screens\\ProfileScreen\\index.tsx","statementMap":{"0":{"start":{"line":16,"column":22},"end":{"line":36,"column":1}},"1":{"start":{"line":17,"column":19},"end":{"line":17,"column":35}},"2":{"start":{"line":18,"column":22},"end":{"line":18,"column":73}},"3":{"start":{"line":18,"column":48},"end":{"line":18,"column":72}},"4":{"start":{"line":20,"column":2},"end":{"line":35,"column":4}},"5":{"start":{"line":28,"column":10},"end":{"line":28,"column":41}},"6":{"start":{"line":29,"column":10},"end":{"line":29,"column":61}},"7":{"start":{"line":38,"column":15},"end":{"line":45,"column":2}}},"fnMap":{"0":{"name":"(anonymous_0)","decl":{"start":{"line":16,"column":22},"end":{"line":16,"column":23}},"loc":{"start":{"line":16,"column":54},"end":{"line":36,"column":1}},"line":16},"1":{"name":"(anonymous_1)","decl":{"start":{"line":18,"column":37},"end":{"line":18,"column":38}},"loc":{"start":{"line":18,"column":48},"end":{"line":18,"column":72}},"line":18},"2":{"name":"(anonymous_2)","decl":{"start":{"line":27,"column":17},"end":{"line":27,"column":18}},"loc":{"start":{"line":27,"column":23},"end":{"line":30,"column":9}},"line":27}},"branchMap":{},"s":{"0":1,"1":2,"2":2,"3":2,"4":2,"5":1,"6":1,"7":1},"f":{"0":2,"1":2,"2":1},"b":{},"_coverageSchema":"1a1c01bbd47fc00a2c39e90264f33305004495a9","hash":"764c5bdd18f8427e7510a91073257dd8e6785ad3"}
,"D:\\react-training\\AwesomeTSProject\\src\\screens\\ShowImageScreen\\index.tsx": {"path":"D:\\react-training\\AwesomeTSProject\\src\\screens\\ShowImageScreen\\index.tsx","statementMap":{"0":{"start":{"line":6,"column":24},"end":{"line":14,"column":1}},"1":{"start":{"line":7,"column":17},"end":{"line":7,"column":36}},"2":{"start":{"line":9,"column":2},"end":{"line":13,"column":4}},"3":{"start":{"line":11,"column":61},"end":{"line":11,"column":70}},"4":{"start":{"line":16,"column":15},"end":{"line":22,"column":2}}},"fnMap":{"0":{"name":"(anonymous_0)","decl":{"start":{"line":6,"column":24},"end":{"line":6,"column":25}},"loc":{"start":{"line":6,"column":83},"end":{"line":14,"column":1}},"line":6},"1":{"name":"(anonymous_1)","decl":{"start":{"line":11,"column":33},"end":{"line":11,"column":34}},"loc":{"start":{"line":11,"column":61},"end":{"line":11,"column":70}},"line":11}},"branchMap":{},"s":{"0":1,"1":1,"2":1,"3":2,"4":1},"f":{"0":1,"1":2},"b":{},"_coverageSchema":"1a1c01bbd47fc00a2c39e90264f33305004495a9","hash":"43bec4188822b2b5ea6775bfbac2d282f1dfd871"}
,"D:\\react-training\\AwesomeTSProject\\src\\theme\\Colors.ts": {"path":"D:\\react-training\\AwesomeTSProject\\src\\theme\\Colors.ts","statementMap":{"0":{"start":{"line":1,"column":22},"end":{"line":9,"column":1}}},"fnMap":{},"branchMap":{},"s":{"0":7},"f":{},"b":{},"_coverageSchema":"1a1c01bbd47fc00a2c39e90264f33305004495a9","hash":"311dde108f28d34b7e798c16a68ad3ff770899b2"}
,"D:\\react-training\\AwesomeTSProject\\src\\theme\\Images.ts": {"path":"D:\\react-training\\AwesomeTSProject\\src\\theme\\Images.ts","statementMap":{"0":{"start":{"line":1,"column":22},"end":{"line":1,"column":68}},"1":{"start":{"line":2,"column":21},"end":{"line":2,"column":64}}},"fnMap":{},"branchMap":{},"s":{"0":4,"1":4},"f":{},"b":{},"_coverageSchema":"1a1c01bbd47fc00a2c39e90264f33305004495a9","hash":"6f8b6b8e8c05c73a21a441c34cbd3f3d044845f2"}
,"D:\\react-training\\AwesomeTSProject\\src\\utils\\Dimensions.ts": {"path":"D:\\react-training\\AwesomeTSProject\\src\\utils\\Dimensions.ts","statementMap":{"0":{"start":{"line":3,"column":21},"end":{"line":3,"column":52}},"1":{"start":{"line":4,"column":20},"end":{"line":4,"column":50}}},"fnMap":{},"branchMap":{},"s":{"0":5,"1":5},"f":{},"b":{},"_coverageSchema":"1a1c01bbd47fc00a2c39e90264f33305004495a9","hash":"3a5bfd6df87807fe4ffcdaa32abae11af6c2bb6a"}
,"D:\\react-training\\AwesomeTSProject\\src\\utils\\helpers.ts": {"path":"D:\\react-training\\AwesomeTSProject\\src\\utils\\helpers.ts","statementMap":{"0":{"start":{"line":3,"column":17},"end":{"line":5,"column":1}},"1":{"start":{"line":4,"column":2},"end":{"line":4,"column":66}},"2":{"start":{"line":4,"column":29},"end":{"line":4,"column":63}},"3":{"start":{"line":7,"column":20},"end":{"line":12,"column":1}},"4":{"start":{"line":8,"column":2},"end":{"line":11,"column":5}},"5":{"start":{"line":14,"column":25},"end":{"line":14,"column":82}},"6":{"start":{"line":14,"column":47},"end":{"line":14,"column":82}},"7":{"start":{"line":14,"column":68},"end":{"line":14,"column":81}},"8":{"start":{"line":16,"column":23},"end":{"line":17,"column":58}},"9":{"start":{"line":17,"column":2},"end":{"line":17,"column":58}},"10":{"start":{"line":19,"column":23},"end":{"line":19,"column":77}},"11":{"start":{"line":19,"column":35},"end":{"line":19,"column":77}},"12":{"start":{"line":21,"column":26},"end":{"line":21,"column":83}},"13":{"start":{"line":21,"column":38},"end":{"line":21,"column":83}}},"fnMap":{"0":{"name":"(anonymous_0)","decl":{"start":{"line":3,"column":17},"end":{"line":3,"column":18}},"loc":{"start":{"line":3,"column":39},"end":{"line":5,"column":1}},"line":3},"1":{"name":"(anonymous_1)","decl":{"start":{"line":4,"column":18},"end":{"line":4,"column":19}},"loc":{"start":{"line":4,"column":29},"end":{"line":4,"column":63}},"line":4},"2":{"name":"(anonymous_2)","decl":{"start":{"line":7,"column":20},"end":{"line":7,"column":21}},"loc":{"start":{"line":7,"column":39},"end":{"line":12,"column":1}},"line":7},"3":{"name":"(anonymous_3)","decl":{"start":{"line":14,"column":25},"end":{"line":14,"column":26}},"loc":{"start":{"line":14,"column":47},"end":{"line":14,"column":82}},"line":14},"4":{"name":"(anonymous_4)","decl":{"start":{"line":14,"column":58},"end":{"line":14,"column":59}},"loc":{"start":{"line":14,"column":68},"end":{"line":14,"column":81}},"line":14},"5":{"name":"(anonymous_5)","decl":{"start":{"line":16,"column":23},"end":{"line":16,"column":24}},"loc":{"start":{"line":17,"column":2},"end":{"line":17,"column":58}},"line":17},"6":{"name":"(anonymous_6)","decl":{"start":{"line":19,"column":23},"end":{"line":19,"column":24}},"loc":{"start":{"line":19,"column":35},"end":{"line":19,"column":77}},"line":19},"7":{"name":"(anonymous_7)","decl":{"start":{"line":21,"column":26},"end":{"line":21,"column":27}},"loc":{"start":{"line":21,"column":38},"end":{"line":21,"column":83}},"line":21}},"branchMap":{"0":{"loc":{"start":{"line":3,"column":18},"end":{"line":3,"column":34}},"type":"default-arg","locations":[{"start":{"line":3,"column":32},"end":{"line":3,"column":34}}],"line":3},"1":{"loc":{"start":{"line":4,"column":29},"end":{"line":4,"column":63}},"type":"cond-expr","locations":[{"start":{"line":4,"column":57},"end":{"line":4,"column":58}},{"start":{"line":4,"column":61},"end":{"line":4,"column":63}}],"line":4},"2":{"loc":{"start":{"line":4,"column":30},"end":{"line":4,"column":39}},"type":"binary-expr","locations":[{"start":{"line":4,"column":30},"end":{"line":4,"column":34}},{"start":{"line":4,"column":38},"end":{"line":4,"column":39}}],"line":4},"3":{"loc":{"start":{"line":4,"column":44},"end":{"line":4,"column":53}},"type":"binary-expr","locations":[{"start":{"line":4,"column":44},"end":{"line":4,"column":48}},{"start":{"line":4,"column":52},"end":{"line":4,"column":53}}],"line":4},"4":{"loc":{"start":{"line":14,"column":26},"end":{"line":14,"column":42}},"type":"default-arg","locations":[{"start":{"line":14,"column":40},"end":{"line":14,"column":42}}],"line":14}},"s":{"0":8,"1":2,"2":5,"3":8,"4":28,"5":8,"6":9,"7":8,"8":8,"9":1,"10":8,"11":1,"12":8,"13":1},"f":{"0":2,"1":5,"2":28,"3":9,"4":8,"5":1,"6":1,"7":1},"b":{"0":[0],"1":[2,3],"2":[5,3],"3":[5,2],"4":[0]},"_coverageSchema":"1a1c01bbd47fc00a2c39e90264f33305004495a9","hash":"156b9f92b5a2127ca1ebed56c58578741ecca6e1"}
,"D:\\react-training\\AwesomeTSProject\\src\\utils\\test-utils.js": {"path":"D:\\react-training\\AwesomeTSProject\\src\\utils\\test-utils.js","statementMap":{"0":{"start":{"line":1,"column":13},"end":{"line":1,"column":75}},"1":{"start":{"line":1,"column":94},"end":{"line":1,"column":110}},"2":{"start":{"line":1,"column":111},"end":{"line":1,"column":135}},"3":{"start":{"line":1,"column":150},"end":{"line":1,"column":177}},"4":{"start":{"line":2,"column":19},"end":{"line":2,"column":59}},"5":{"start":{"line":32,"column":0},"end":{"line":32,"column":347}},"6":{"start":{"line":32,"column":50},"end":{"line":32,"column":104}},"7":{"start":{"line":32,"column":97},"end":{"line":32,"column":104}},"8":{"start":{"line":32,"column":104},"end":{"line":32,"column":172}},"9":{"start":{"line":32,"column":165},"end":{"line":32,"column":172}},"10":{"start":{"line":32,"column":172},"end":{"line":32,"column":237}},"11":{"start":{"line":32,"column":230},"end":{"line":32,"column":237}},"12":{"start":{"line":32,"column":237},"end":{"line":32,"column":344}},"13":{"start":{"line":32,"column":314},"end":{"line":32,"column":339}},"14":{"start":{"line":32,"column":360},"end":{"line":32,"column":400}},"15":{"start":{"line":32,"column":425},"end":{"line":32,"column":454}},"16":{"start":{"line":32,"column":473},"end":{"line":32,"column":495}},"17":{"start":{"line":32,"column":513},"end":{"line":32,"column":558}},"18":{"start":{"line":32,"column":576},"end":{"line":32,"column":636}},"19":{"start":{"line":32,"column":655},"end":{"line":32,"column":716}},"20":{"start":{"line":32,"column":729},"end":{"line":32,"column":733}},"21":{"start":{"line":32,"column":749},"end":{"line":32,"column":814}},"22":{"start":{"line":32,"column":853},"end":{"line":32,"column":909}},"23":{"start":{"line":32,"column":963},"end":{"line":32,"column":982}},"24":{"start":{"line":32,"column":983},"end":{"line":32,"column":1229}},"25":{"start":{"line":32,"column":1032},"end":{"line":32,"column":1068}},"26":{"start":{"line":32,"column":1069},"end":{"line":32,"column":1228}},"27":{"start":{"line":32,"column":1129},"end":{"line":32,"column":1192}},"28":{"start":{"line":32,"column":1229},"end":{"line":32,"column":1241}},"29":{"start":{"line":32,"column":1274},"end":{"line":32,"column":1723}},"30":{"start":{"line":32,"column":1287},"end":{"line":32,"column":1288}},"31":{"start":{"line":32,"column":1331},"end":{"line":32,"column":1371}},"32":{"start":{"line":32,"column":1372},"end":{"line":32,"column":1722}},"33":{"start":{"line":32,"column":1432},"end":{"line":32,"column":1474}},"34":{"start":{"line":32,"column":1638},"end":{"line":32,"column":1719}},"35":{"start":{"line":32,"column":1723},"end":{"line":32,"column":1737}},"36":{"start":{"line":32,"column":1781},"end":{"line":32,"column":1928}},"37":{"start":{"line":32,"column":1798},"end":{"line":32,"column":1902}},"38":{"start":{"line":32,"column":1910},"end":{"line":32,"column":1927}},"39":{"start":{"line":32,"column":1928},"end":{"line":32,"column":1939}},"40":{"start":{"line":32,"column":1961},"end":{"line":32,"column":1989}},"41":{"start":{"line":32,"column":2012},"end":{"line":32,"column":2656}},"42":{"start":{"line":32,"column":2059},"end":{"line":32,"column":2072}},"43":{"start":{"line":32,"column":2085},"end":{"line":32,"column":2328}},"44":{"start":{"line":32,"column":2243},"end":{"line":32,"column":2324}},"45":{"start":{"line":32,"column":2329},"end":{"line":32,"column":2655}},"46":{"start":{"line":32,"column":2676},"end":{"line":32,"column":2803}},"47":{"start":{"line":32,"column":2712},"end":{"line":32,"column":2802}},"48":{"start":{"line":32,"column":2804},"end":{"line":32,"column":2834}}},"fnMap":{"0":{"name":"(anonymous_0)","decl":{"start":{"line":32,"column":34},"end":{"line":32,"column":35}},"loc":{"start":{"line":32,"column":49},"end":{"line":32,"column":345}},"line":32},"1":{"name":"get","decl":{"start":{"line":32,"column":307},"end":{"line":32,"column":310}},"loc":{"start":{"line":32,"column":313},"end":{"line":32,"column":340}},"line":32},"2":{"name":"_interopRequireDefault","decl":{"start":{"line":32,"column":824},"end":{"line":32,"column":846}},"loc":{"start":{"line":32,"column":852},"end":{"line":32,"column":910}},"line":32},"3":{"name":"ownKeys","decl":{"start":{"line":32,"column":919},"end":{"line":32,"column":926}},"loc":{"start":{"line":32,"column":951},"end":{"line":32,"column":1242}},"line":32},"4":{"name":"(anonymous_4)","decl":{"start":{"line":32,"column":1113},"end":{"line":32,"column":1114}},"loc":{"start":{"line":32,"column":1128},"end":{"line":32,"column":1193}},"line":32},"5":{"name":"_objectSpread","decl":{"start":{"line":32,"column":1251},"end":{"line":32,"column":1264}},"loc":{"start":{"line":32,"column":1273},"end":{"line":32,"column":1738}},"line":32},"6":{"name":"(anonymous_6)","decl":{"start":{"line":32,"column":1416},"end":{"line":32,"column":1417}},"loc":{"start":{"line":32,"column":1431},"end":{"line":32,"column":1475}},"line":32},"7":{"name":"(anonymous_7)","decl":{"start":{"line":32,"column":1622},"end":{"line":32,"column":1623}},"loc":{"start":{"line":32,"column":1637},"end":{"line":32,"column":1720}},"line":32},"8":{"name":"_defineProperty","decl":{"start":{"line":32,"column":1747},"end":{"line":32,"column":1762}},"loc":{"start":{"line":32,"column":1780},"end":{"line":32,"column":1940}},"line":32},"9":{"name":"AllTheProviders","decl":{"start":{"line":32,"column":2021},"end":{"line":32,"column":2036}},"loc":{"start":{"line":32,"column":2043},"end":{"line":32,"column":2656}},"line":32},"10":{"name":"middleware","decl":{"start":{"line":32,"column":2209},"end":{"line":32,"column":2219}},"loc":{"start":{"line":32,"column":2242},"end":{"line":32,"column":2325}},"line":32},"11":{"name":"customRender","decl":{"start":{"line":32,"column":2685},"end":{"line":32,"column":2697}},"loc":{"start":{"line":32,"column":2711},"end":{"line":32,"column":2803}},"line":32}},"branchMap":{"0":{"loc":{"start":{"line":32,"column":50},"end":{"line":32,"column":104}},"type":"if","locations":[{"start":{"line":32,"column":50},"end":{"line":32,"column":104}},{"start":{},"end":{}}],"line":32},"1":{"loc":{"start":{"line":32,"column":54},"end":{"line":32,"column":95}},"type":"binary-expr","locations":[{"start":{"line":32,"column":54},"end":{"line":32,"column":71}},{"start":{"line":32,"column":75},"end":{"line":32,"column":95}}],"line":32},"2":{"loc":{"start":{"line":32,"column":104},"end":{"line":32,"column":172}},"type":"if","locations":[{"start":{"line":32,"column":104},"end":{"line":32,"column":172}},{"start":{},"end":{}}],"line":32},"3":{"loc":{"start":{"line":32,"column":172},"end":{"line":32,"column":237}},"type":"if","locations":[{"start":{"line":32,"column":172},"end":{"line":32,"column":237}},{"start":{},"end":{}}],"line":32},"4":{"loc":{"start":{"line":32,"column":176},"end":{"line":32,"column":228}},"type":"binary-expr","locations":[{"start":{"line":32,"column":176},"end":{"line":32,"column":190}},{"start":{"line":32,"column":194},"end":{"line":32,"column":228}}],"line":32},"5":{"loc":{"start":{"line":32,"column":860},"end":{"line":32,"column":908}},"type":"cond-expr","locations":[{"start":{"line":32,"column":884},"end":{"line":32,"column":887}},{"start":{"line":32,"column":890},"end":{"line":32,"column":908}}],"line":32},"6":{"loc":{"start":{"line":32,"column":860},"end":{"line":32,"column":881}},"type":"binary-expr","locations":[{"start":{"line":32,"column":860},"end":{"line":32,"column":863}},{"start":{"line":32,"column":867},"end":{"line":32,"column":881}}],"line":32},"7":{"loc":{"start":{"line":32,"column":983},"end":{"line":32,"column":1229}},"type":"if","locations":[{"start":{"line":32,"column":983},"end":{"line":32,"column":1229}},{"start":{},"end":{}}],"line":32},"8":{"loc":{"start":{"line":32,"column":1069},"end":{"line":32,"column":1195}},"type":"binary-expr","locations":[{"start":{"line":32,"column":1069},"end":{"line":32,"column":1083}},{"start":{"line":32,"column":1088},"end":{"line":32,"column":1194}}],"line":32},"9":{"loc":{"start":{"line":32,"column":1331},"end":{"line":32,"column":1371}},"type":"cond-expr","locations":[{"start":{"line":32,"column":1354},"end":{"line":32,"column":1366}},{"start":{"line":32,"column":1369},"end":{"line":32,"column":1371}}],"line":32},"10":{"loc":{"start":{"line":32,"column":1372},"end":{"line":32,"column":1721}},"type":"cond-expr","locations":[{"start":{"line":32,"column":1380},"end":{"line":32,"column":1476}},{"start":{"line":32,"column":1479},"end":{"line":32,"column":1721}}],"line":32},"11":{"loc":{"start":{"line":32,"column":1479},"end":{"line":32,"column":1721}},"type":"cond-expr","locations":[{"start":{"line":32,"column":1514},"end":{"line":32,"column":1587}},{"start":{"line":32,"column":1590},"end":{"line":32,"column":1721}}],"line":32},"12":{"loc":{"start":{"line":32,"column":1781},"end":{"line":32,"column":1928}},"type":"if","locations":[{"start":{"line":32,"column":1781},"end":{"line":32,"column":1928}},{"start":{"line":32,"column":1909},"end":{"line":32,"column":1928}}],"line":32}},"s":{"0":8,"1":8,"2":8,"3":8,"4":8,"5":8,"6":96,"7":0,"8":96,"9":8,"10":88,"11":0,"12":88,"13":53,"14":8,"15":8,"16":8,"17":8,"18":8,"19":8,"20":8,"21":8,"22":32,"23":48,"24":48,"25":48,"26":48,"27":0,"28":48,"29":48,"30":48,"31":48,"32":48,"33":0,"34":0,"35":48,"36":0,"37":0,"38":0,"39":0,"40":8,"41":8,"42":53,"43":48,"44":48,"45":48,"46":8,"47":48,"48":8},"f":{"0":96,"1":53,"2":32,"3":48,"4":0,"5":48,"6":0,"7":0,"8":0,"9":53,"10":48,"11":48},"b":{"0":[0,96],"1":[96,96],"2":[8,88],"3":[0,88],"4":[88,0],"5":[24,8],"6":[32,32],"7":[48,0],"8":[48,48],"9":[0,48],"10":[48,0],"11":[0,0],"12":[0,0]},"inputSourceMap":null,"_coverageSchema":"1a1c01bbd47fc00a2c39e90264f33305004495a9","hash":"17e62cfee7e42ec36881c0146d29850e0a8e120e"}
}
